Classic Timing Analyzer report for Rca_16bit
Tue Apr 05 11:17:05 2016
Quartus II Version 9.1 Build 350 03/24/2010 Service Pack 2 SJ Web Edition


---------------------
; Table of Contents ;
---------------------
  1. Legal Notice
  2. Timing Analyzer Summary
  3. Timing Analyzer Settings
  4. Clock Settings Summary
  5. Parallel Compilation
  6. Clock Setup: 'key[1]'
  7. tsu
  8. tco
  9. th
 10. Timing Analyzer Messages



----------------
; Legal Notice ;
----------------
Copyright (C) 1991-2010 Altera Corporation
Your use of Altera Corporation's design tools, logic functions 
and other software and tools, and its AMPP partner logic 
functions, and any output files from any of the foregoing 
(including device programming or simulation files), and any 
associated documentation or information are expressly subject 
to the terms and conditions of the Altera Program License 
Subscription Agreement, Altera MegaCore Function License 
Agreement, or other applicable license agreement, including, 
without limitation, that your use is for the sole purpose of 
programming logic devices manufactured by Altera and sold by 
Altera or its authorized distributors.  Please refer to the 
applicable agreement for further details.



+-------------------------------------------------------------------------------------------------------------------------------------------------------------------------------------------------------+
; Timing Analyzer Summary                                                                                                                                                                               ;
+------------------------------+-------+---------------+----------------------------------+----------------------------------+-----------------------------------+------------+----------+--------------+
; Type                         ; Slack ; Required Time ; Actual Time                      ; From                             ; To                                ; From Clock ; To Clock ; Failed Paths ;
+------------------------------+-------+---------------+----------------------------------+----------------------------------+-----------------------------------+------------+----------+--------------+
; Worst-case tsu               ; N/A   ; None          ; 4.615 ns                         ; sw[22]                           ; ff_asyncrst_sign16bit:reg01|Q[6]  ; --         ; key[1]   ; 0            ;
; Worst-case tco               ; N/A   ; None          ; 7.372 ns                         ; ff_asyncrst_sign16bit:reg03|Q[2] ; output[2]                         ; key[1]     ; --       ; 0            ;
; Worst-case th                ; N/A   ; None          ; -0.130 ns                        ; sw[29]                           ; ff_asyncrst_sign16bit:reg01|Q[13] ; --         ; key[1]   ; 0            ;
; Clock Setup: 'key[1]'        ; N/A   ; None          ; 130.98 MHz ( period = 7.635 ns ) ; ff_asyncrst_sign16bit:reg02|Q[0] ; ff_asyncrst_sign1bit:reg04|Q      ; key[1]     ; key[1]   ; 0            ;
; Total number of failed paths ;       ;               ;                                  ;                                  ;                                   ;            ;          ; 0            ;
+------------------------------+-------+---------------+----------------------------------+----------------------------------+-----------------------------------+------------+----------+--------------+


+-----------------------------------------------------------------------------------------------------------------------------------------------------+
; Timing Analyzer Settings                                                                                                                            ;
+------------------------------------------------------------------------------------------------------+--------------------+------+----+-------------+
; Option                                                                                               ; Setting            ; From ; To ; Entity Name ;
+------------------------------------------------------------------------------------------------------+--------------------+------+----+-------------+
; Device Name                                                                                          ; EP2C5T144C6        ;      ;    ;             ;
; Timing Models                                                                                        ; Final              ;      ;    ;             ;
; Default hold multicycle                                                                              ; Same as Multicycle ;      ;    ;             ;
; Cut paths between unrelated clock domains                                                            ; On                 ;      ;    ;             ;
; Cut off read during write signal paths                                                               ; On                 ;      ;    ;             ;
; Cut off feedback from I/O pins                                                                       ; On                 ;      ;    ;             ;
; Report Combined Fast/Slow Timing                                                                     ; Off                ;      ;    ;             ;
; Ignore Clock Settings                                                                                ; Off                ;      ;    ;             ;
; Analyze latches as synchronous elements                                                              ; On                 ;      ;    ;             ;
; Enable Recovery/Removal analysis                                                                     ; Off                ;      ;    ;             ;
; Enable Clock Latency                                                                                 ; Off                ;      ;    ;             ;
; Use TimeQuest Timing Analyzer                                                                        ; Off                ;      ;    ;             ;
; Number of source nodes to report per destination node                                                ; 10                 ;      ;    ;             ;
; Number of destination nodes to report                                                                ; 10                 ;      ;    ;             ;
; Number of paths to report                                                                            ; 200                ;      ;    ;             ;
; Report Minimum Timing Checks                                                                         ; Off                ;      ;    ;             ;
; Use Fast Timing Models                                                                               ; Off                ;      ;    ;             ;
; Report IO Paths Separately                                                                           ; Off                ;      ;    ;             ;
; Perform Multicorner Analysis                                                                         ; On                 ;      ;    ;             ;
; Reports the worst-case path for each clock domain and analysis                                       ; Off                ;      ;    ;             ;
; Reports worst-case timing paths for each clock domain and analysis                                   ; On                 ;      ;    ;             ;
; Specifies the maximum number of worst-case timing paths to report for each clock domain and analysis ; 100                ;      ;    ;             ;
; Removes common clock path pessimism (CCPP) during slack computation                                  ; Off                ;      ;    ;             ;
; Output I/O Timing Endpoint                                                                           ; Near End           ;      ;    ;             ;
+------------------------------------------------------------------------------------------------------+--------------------+------+----+-------------+


+------------------------------------------------------------------------------------------------------------------------------------------------------------------------------------+
; Clock Settings Summary                                                                                                                                                             ;
+-----------------+--------------------+----------+------------------+---------------+--------------+----------+-----------------------+---------------------+--------+--------------+
; Clock Node Name ; Clock Setting Name ; Type     ; Fmax Requirement ; Early Latency ; Late Latency ; Based on ; Multiply Base Fmax by ; Divide Base Fmax by ; Offset ; Phase offset ;
+-----------------+--------------------+----------+------------------+---------------+--------------+----------+-----------------------+---------------------+--------+--------------+
; key[1]          ;                    ; User Pin ; None             ; 0.000 ns      ; 0.000 ns     ; --       ; N/A                   ; N/A                 ; N/A    ;              ;
+-----------------+--------------------+----------+------------------+---------------+--------------+----------+-----------------------+---------------------+--------+--------------+


Parallel compilation was disabled, but you have multiple processors available. Enable parallel compilation to reduce compilation time.
+-------------------------------------+
; Parallel Compilation                ;
+----------------------------+--------+
; Processors                 ; Number ;
+----------------------------+--------+
; Number detected on machine ; 2      ;
; Maximum allowed            ; 1      ;
+----------------------------+--------+


+-----------------------------------------------------------------------------------------------------------------------------------------------------------------------------------------------------------------------------------------------------------------------------------+
; Clock Setup: 'key[1]'                                                                                                                                                                                                                                                             ;
+-----------------------------------------+-----------------------------------------------------+-----------------------------------+-----------------------------------+------------+----------+-----------------------------+---------------------------+-------------------------+
; Slack                                   ; Actual fmax (period)                                ; From                              ; To                                ; From Clock ; To Clock ; Required Setup Relationship ; Required Longest P2P Time ; Actual Longest P2P Time ;
+-----------------------------------------+-----------------------------------------------------+-----------------------------------+-----------------------------------+------------+----------+-----------------------------+---------------------------+-------------------------+
; N/A                                     ; 130.98 MHz ( period = 7.635 ns )                    ; ff_asyncrst_sign16bit:reg02|Q[0]  ; ff_asyncrst_sign1bit:reg04|Q      ; key[1]     ; key[1]   ; None                        ; None                      ; 7.424 ns                ;
; N/A                                     ; 131.03 MHz ( period = 7.632 ns )                    ; ff_asyncrst_sign16bit:reg02|Q[0]  ; ff_asyncrst_sign16bit:reg03|Q[15] ; key[1]     ; key[1]   ; None                        ; None                      ; 7.421 ns                ;
; N/A                                     ; 134.05 MHz ( period = 7.460 ns )                    ; ff_asyncrst_sign16bit:reg01|Q[0]  ; ff_asyncrst_sign1bit:reg04|Q      ; key[1]     ; key[1]   ; None                        ; None                      ; 7.249 ns                ;
; N/A                                     ; 134.10 MHz ( period = 7.457 ns )                    ; ff_asyncrst_sign16bit:reg01|Q[0]  ; ff_asyncrst_sign16bit:reg03|Q[15] ; key[1]     ; key[1]   ; None                        ; None                      ; 7.246 ns                ;
; N/A                                     ; 136.28 MHz ( period = 7.338 ns )                    ; ff_asyncrst_sign16bit:reg02|Q[2]  ; ff_asyncrst_sign1bit:reg04|Q      ; key[1]     ; key[1]   ; None                        ; None                      ; 7.127 ns                ;
; N/A                                     ; 136.33 MHz ( period = 7.335 ns )                    ; ff_asyncrst_sign16bit:reg02|Q[2]  ; ff_asyncrst_sign16bit:reg03|Q[15] ; key[1]     ; key[1]   ; None                        ; None                      ; 7.124 ns                ;
; N/A                                     ; 138.33 MHz ( period = 7.229 ns )                    ; ff_asyncrst_sign16bit:reg02|Q[0]  ; ff_asyncrst_sign16bit:reg03|Q[14] ; key[1]     ; key[1]   ; None                        ; None                      ; 7.018 ns                ;
; N/A                                     ; 139.24 MHz ( period = 7.182 ns )                    ; ff_asyncrst_sign16bit:reg01|Q[1]  ; ff_asyncrst_sign1bit:reg04|Q      ; key[1]     ; key[1]   ; None                        ; None                      ; 6.971 ns                ;
; N/A                                     ; 139.30 MHz ( period = 7.179 ns )                    ; ff_asyncrst_sign16bit:reg01|Q[1]  ; ff_asyncrst_sign16bit:reg03|Q[15] ; key[1]     ; key[1]   ; None                        ; None                      ; 6.968 ns                ;
; N/A                                     ; 141.20 MHz ( period = 7.082 ns )                    ; ff_asyncrst_sign16bit:reg01|Q[2]  ; ff_asyncrst_sign1bit:reg04|Q      ; key[1]     ; key[1]   ; None                        ; None                      ; 6.871 ns                ;
; N/A                                     ; 141.26 MHz ( period = 7.079 ns )                    ; ff_asyncrst_sign16bit:reg01|Q[2]  ; ff_asyncrst_sign16bit:reg03|Q[15] ; key[1]     ; key[1]   ; None                        ; None                      ; 6.868 ns                ;
; N/A                                     ; 141.76 MHz ( period = 7.054 ns )                    ; ff_asyncrst_sign16bit:reg01|Q[0]  ; ff_asyncrst_sign16bit:reg03|Q[14] ; key[1]     ; key[1]   ; None                        ; None                      ; 6.843 ns                ;
; N/A                                     ; 142.11 MHz ( period = 7.037 ns )                    ; ff_asyncrst_sign16bit:reg02|Q[1]  ; ff_asyncrst_sign1bit:reg04|Q      ; key[1]     ; key[1]   ; None                        ; None                      ; 6.826 ns                ;
; N/A                                     ; 142.17 MHz ( period = 7.034 ns )                    ; ff_asyncrst_sign16bit:reg02|Q[1]  ; ff_asyncrst_sign16bit:reg03|Q[15] ; key[1]     ; key[1]   ; None                        ; None                      ; 6.823 ns                ;
; N/A                                     ; 142.71 MHz ( period = 7.007 ns )                    ; ff_asyncrst_sign16bit:reg02|Q[0]  ; ff_asyncrst_sign16bit:reg03|Q[13] ; key[1]     ; key[1]   ; None                        ; None                      ; 6.797 ns                ;
; N/A                                     ; 144.26 MHz ( period = 6.932 ns )                    ; ff_asyncrst_sign16bit:reg02|Q[2]  ; ff_asyncrst_sign16bit:reg03|Q[14] ; key[1]     ; key[1]   ; None                        ; None                      ; 6.721 ns                ;
; N/A                                     ; 146.37 MHz ( period = 6.832 ns )                    ; ff_asyncrst_sign16bit:reg01|Q[0]  ; ff_asyncrst_sign16bit:reg03|Q[13] ; key[1]     ; key[1]   ; None                        ; None                      ; 6.622 ns                ;
; N/A                                     ; 146.67 MHz ( period = 6.818 ns )                    ; ff_asyncrst_sign16bit:reg01|Q[3]  ; ff_asyncrst_sign1bit:reg04|Q      ; key[1]     ; key[1]   ; None                        ; None                      ; 6.607 ns                ;
; N/A                                     ; 146.74 MHz ( period = 6.815 ns )                    ; ff_asyncrst_sign16bit:reg01|Q[3]  ; ff_asyncrst_sign16bit:reg03|Q[15] ; key[1]     ; key[1]   ; None                        ; None                      ; 6.604 ns                ;
; N/A                                     ; 147.58 MHz ( period = 6.776 ns )                    ; ff_asyncrst_sign16bit:reg01|Q[1]  ; ff_asyncrst_sign16bit:reg03|Q[14] ; key[1]     ; key[1]   ; None                        ; None                      ; 6.565 ns                ;
; N/A                                     ; 147.62 MHz ( period = 6.774 ns )                    ; ff_asyncrst_sign16bit:reg02|Q[4]  ; ff_asyncrst_sign1bit:reg04|Q      ; key[1]     ; key[1]   ; None                        ; None                      ; 6.563 ns                ;
; N/A                                     ; 147.69 MHz ( period = 6.771 ns )                    ; ff_asyncrst_sign16bit:reg02|Q[4]  ; ff_asyncrst_sign16bit:reg03|Q[15] ; key[1]     ; key[1]   ; None                        ; None                      ; 6.560 ns                ;
; N/A                                     ; 149.03 MHz ( period = 6.710 ns )                    ; ff_asyncrst_sign16bit:reg02|Q[2]  ; ff_asyncrst_sign16bit:reg03|Q[13] ; key[1]     ; key[1]   ; None                        ; None                      ; 6.500 ns                ;
; N/A                                     ; 149.79 MHz ( period = 6.676 ns )                    ; ff_asyncrst_sign16bit:reg01|Q[2]  ; ff_asyncrst_sign16bit:reg03|Q[14] ; key[1]     ; key[1]   ; None                        ; None                      ; 6.465 ns                ;
; N/A                                     ; 150.81 MHz ( period = 6.631 ns )                    ; ff_asyncrst_sign16bit:reg02|Q[1]  ; ff_asyncrst_sign16bit:reg03|Q[14] ; key[1]     ; key[1]   ; None                        ; None                      ; 6.420 ns                ;
; N/A                                     ; 151.61 MHz ( period = 6.596 ns )                    ; ff_asyncrst_sign16bit:reg02|Q[0]  ; ff_asyncrst_sign16bit:reg03|Q[12] ; key[1]     ; key[1]   ; None                        ; None                      ; 6.386 ns                ;
; N/A                                     ; 152.58 MHz ( period = 6.554 ns )                    ; ff_asyncrst_sign16bit:reg01|Q[1]  ; ff_asyncrst_sign16bit:reg03|Q[13] ; key[1]     ; key[1]   ; None                        ; None                      ; 6.344 ns                ;
; N/A                                     ; 152.81 MHz ( period = 6.544 ns )                    ; ff_asyncrst_sign16bit:reg02|Q[0]  ; ff_asyncrst_sign16bit:reg03|Q[11] ; key[1]     ; key[1]   ; None                        ; None                      ; 6.332 ns                ;
; N/A                                     ; 154.94 MHz ( period = 6.454 ns )                    ; ff_asyncrst_sign16bit:reg01|Q[2]  ; ff_asyncrst_sign16bit:reg03|Q[13] ; key[1]     ; key[1]   ; None                        ; None                      ; 6.244 ns                ;
; N/A                                     ; 155.74 MHz ( period = 6.421 ns )                    ; ff_asyncrst_sign16bit:reg01|Q[0]  ; ff_asyncrst_sign16bit:reg03|Q[12] ; key[1]     ; key[1]   ; None                        ; None                      ; 6.211 ns                ;
; N/A                                     ; 155.96 MHz ( period = 6.412 ns )                    ; ff_asyncrst_sign16bit:reg01|Q[3]  ; ff_asyncrst_sign16bit:reg03|Q[14] ; key[1]     ; key[1]   ; None                        ; None                      ; 6.201 ns                ;
; N/A                                     ; 156.03 MHz ( period = 6.409 ns )                    ; ff_asyncrst_sign16bit:reg02|Q[1]  ; ff_asyncrst_sign16bit:reg03|Q[13] ; key[1]     ; key[1]   ; None                        ; None                      ; 6.199 ns                ;
; N/A                                     ; 157.01 MHz ( period = 6.369 ns )                    ; ff_asyncrst_sign16bit:reg01|Q[0]  ; ff_asyncrst_sign16bit:reg03|Q[11] ; key[1]     ; key[1]   ; None                        ; None                      ; 6.157 ns                ;
; N/A                                     ; 157.04 MHz ( period = 6.368 ns )                    ; ff_asyncrst_sign16bit:reg02|Q[4]  ; ff_asyncrst_sign16bit:reg03|Q[14] ; key[1]     ; key[1]   ; None                        ; None                      ; 6.157 ns                ;
; N/A                                     ; 158.76 MHz ( period = 6.299 ns )                    ; ff_asyncrst_sign16bit:reg02|Q[2]  ; ff_asyncrst_sign16bit:reg03|Q[12] ; key[1]     ; key[1]   ; None                        ; None                      ; 6.089 ns                ;
; N/A                                     ; 159.06 MHz ( period = 6.287 ns )                    ; ff_asyncrst_sign16bit:reg01|Q[4]  ; ff_asyncrst_sign1bit:reg04|Q      ; key[1]     ; key[1]   ; None                        ; None                      ; 6.076 ns                ;
; N/A                                     ; 159.13 MHz ( period = 6.284 ns )                    ; ff_asyncrst_sign16bit:reg01|Q[4]  ; ff_asyncrst_sign16bit:reg03|Q[15] ; key[1]     ; key[1]   ; None                        ; None                      ; 6.073 ns                ;
; N/A                                     ; 160.08 MHz ( period = 6.247 ns )                    ; ff_asyncrst_sign16bit:reg02|Q[2]  ; ff_asyncrst_sign16bit:reg03|Q[11] ; key[1]     ; key[1]   ; None                        ; None                      ; 6.035 ns                ;
; N/A                                     ; 160.75 MHz ( period = 6.221 ns )                    ; ff_asyncrst_sign16bit:reg02|Q[3]  ; ff_asyncrst_sign1bit:reg04|Q      ; key[1]     ; key[1]   ; None                        ; None                      ; 6.010 ns                ;
; N/A                                     ; 160.82 MHz ( period = 6.218 ns )                    ; ff_asyncrst_sign16bit:reg02|Q[3]  ; ff_asyncrst_sign16bit:reg03|Q[15] ; key[1]     ; key[1]   ; None                        ; None                      ; 6.007 ns                ;
; N/A                                     ; 161.55 MHz ( period = 6.190 ns )                    ; ff_asyncrst_sign16bit:reg01|Q[3]  ; ff_asyncrst_sign16bit:reg03|Q[13] ; key[1]     ; key[1]   ; None                        ; None                      ; 5.980 ns                ;
; N/A                                     ; 162.71 MHz ( period = 6.146 ns )                    ; ff_asyncrst_sign16bit:reg02|Q[4]  ; ff_asyncrst_sign16bit:reg03|Q[13] ; key[1]     ; key[1]   ; None                        ; None                      ; 5.936 ns                ;
; N/A                                     ; 162.79 MHz ( period = 6.143 ns )                    ; ff_asyncrst_sign16bit:reg01|Q[1]  ; ff_asyncrst_sign16bit:reg03|Q[12] ; key[1]     ; key[1]   ; None                        ; None                      ; 5.933 ns                ;
; N/A                                     ; 164.18 MHz ( period = 6.091 ns )                    ; ff_asyncrst_sign16bit:reg01|Q[1]  ; ff_asyncrst_sign16bit:reg03|Q[11] ; key[1]     ; key[1]   ; None                        ; None                      ; 5.879 ns                ;
; N/A                                     ; 165.48 MHz ( period = 6.043 ns )                    ; ff_asyncrst_sign16bit:reg01|Q[2]  ; ff_asyncrst_sign16bit:reg03|Q[12] ; key[1]     ; key[1]   ; None                        ; None                      ; 5.833 ns                ;
; N/A                                     ; 166.72 MHz ( period = 5.998 ns )                    ; ff_asyncrst_sign16bit:reg02|Q[1]  ; ff_asyncrst_sign16bit:reg03|Q[12] ; key[1]     ; key[1]   ; None                        ; None                      ; 5.788 ns                ;
; N/A                                     ; 166.92 MHz ( period = 5.991 ns )                    ; ff_asyncrst_sign16bit:reg01|Q[2]  ; ff_asyncrst_sign16bit:reg03|Q[11] ; key[1]     ; key[1]   ; None                        ; None                      ; 5.779 ns                ;
; N/A                                     ; 168.18 MHz ( period = 5.946 ns )                    ; ff_asyncrst_sign16bit:reg02|Q[1]  ; ff_asyncrst_sign16bit:reg03|Q[11] ; key[1]     ; key[1]   ; None                        ; None                      ; 5.734 ns                ;
; N/A                                     ; 170.04 MHz ( period = 5.881 ns )                    ; ff_asyncrst_sign16bit:reg01|Q[4]  ; ff_asyncrst_sign16bit:reg03|Q[14] ; key[1]     ; key[1]   ; None                        ; None                      ; 5.670 ns                ;
; N/A                                     ; 170.07 MHz ( period = 5.880 ns )                    ; ff_asyncrst_sign16bit:reg02|Q[0]  ; ff_asyncrst_sign16bit:reg03|Q[10] ; key[1]     ; key[1]   ; None                        ; None                      ; 5.668 ns                ;
; N/A                                     ; 170.62 MHz ( period = 5.861 ns )                    ; ff_asyncrst_sign16bit:reg01|Q[6]  ; ff_asyncrst_sign1bit:reg04|Q      ; key[1]     ; key[1]   ; None                        ; None                      ; 5.647 ns                ;
; N/A                                     ; 170.71 MHz ( period = 5.858 ns )                    ; ff_asyncrst_sign16bit:reg01|Q[6]  ; ff_asyncrst_sign16bit:reg03|Q[15] ; key[1]     ; key[1]   ; None                        ; None                      ; 5.644 ns                ;
; N/A                                     ; 171.53 MHz ( period = 5.830 ns )                    ; ff_asyncrst_sign16bit:reg01|Q[5]  ; ff_asyncrst_sign1bit:reg04|Q      ; key[1]     ; key[1]   ; None                        ; None                      ; 5.618 ns                ;
; N/A                                     ; 171.61 MHz ( period = 5.827 ns )                    ; ff_asyncrst_sign16bit:reg01|Q[5]  ; ff_asyncrst_sign16bit:reg03|Q[15] ; key[1]     ; key[1]   ; None                        ; None                      ; 5.615 ns                ;
; N/A                                     ; 171.85 MHz ( period = 5.819 ns )                    ; ff_asyncrst_sign16bit:reg02|Q[0]  ; ff_asyncrst_sign16bit:reg03|Q[9]  ; key[1]     ; key[1]   ; None                        ; None                      ; 5.615 ns                ;
; N/A                                     ; 171.97 MHz ( period = 5.815 ns )                    ; ff_asyncrst_sign16bit:reg02|Q[3]  ; ff_asyncrst_sign16bit:reg03|Q[14] ; key[1]     ; key[1]   ; None                        ; None                      ; 5.604 ns                ;
; N/A                                     ; 173.04 MHz ( period = 5.779 ns )                    ; ff_asyncrst_sign16bit:reg01|Q[3]  ; ff_asyncrst_sign16bit:reg03|Q[12] ; key[1]     ; key[1]   ; None                        ; None                      ; 5.569 ns                ;
; N/A                                     ; 174.37 MHz ( period = 5.735 ns )                    ; ff_asyncrst_sign16bit:reg02|Q[4]  ; ff_asyncrst_sign16bit:reg03|Q[12] ; key[1]     ; key[1]   ; None                        ; None                      ; 5.525 ns                ;
; N/A                                     ; 174.61 MHz ( period = 5.727 ns )                    ; ff_asyncrst_sign16bit:reg01|Q[3]  ; ff_asyncrst_sign16bit:reg03|Q[11] ; key[1]     ; key[1]   ; None                        ; None                      ; 5.515 ns                ;
; N/A                                     ; 175.28 MHz ( period = 5.705 ns )                    ; ff_asyncrst_sign16bit:reg01|Q[0]  ; ff_asyncrst_sign16bit:reg03|Q[10] ; key[1]     ; key[1]   ; None                        ; None                      ; 5.493 ns                ;
; N/A                                     ; 175.96 MHz ( period = 5.683 ns )                    ; ff_asyncrst_sign16bit:reg02|Q[4]  ; ff_asyncrst_sign16bit:reg03|Q[11] ; key[1]     ; key[1]   ; None                        ; None                      ; 5.471 ns                ;
; N/A                                     ; 176.71 MHz ( period = 5.659 ns )                    ; ff_asyncrst_sign16bit:reg01|Q[4]  ; ff_asyncrst_sign16bit:reg03|Q[13] ; key[1]     ; key[1]   ; None                        ; None                      ; 5.449 ns                ;
; N/A                                     ; 177.18 MHz ( period = 5.644 ns )                    ; ff_asyncrst_sign16bit:reg01|Q[0]  ; ff_asyncrst_sign16bit:reg03|Q[9]  ; key[1]     ; key[1]   ; None                        ; None                      ; 5.440 ns                ;
; N/A                                     ; 178.79 MHz ( period = 5.593 ns )                    ; ff_asyncrst_sign16bit:reg02|Q[3]  ; ff_asyncrst_sign16bit:reg03|Q[13] ; key[1]     ; key[1]   ; None                        ; None                      ; 5.383 ns                ;
; N/A                                     ; 179.12 MHz ( period = 5.583 ns )                    ; ff_asyncrst_sign16bit:reg02|Q[2]  ; ff_asyncrst_sign16bit:reg03|Q[10] ; key[1]     ; key[1]   ; None                        ; None                      ; 5.371 ns                ;
; N/A                                     ; 181.09 MHz ( period = 5.522 ns )                    ; ff_asyncrst_sign16bit:reg02|Q[2]  ; ff_asyncrst_sign16bit:reg03|Q[9]  ; key[1]     ; key[1]   ; None                        ; None                      ; 5.318 ns                ;
; N/A                                     ; 183.08 MHz ( period = 5.462 ns )                    ; ff_asyncrst_sign16bit:reg02|Q[6]  ; ff_asyncrst_sign1bit:reg04|Q      ; key[1]     ; key[1]   ; None                        ; None                      ; 5.242 ns                ;
; N/A                                     ; 183.18 MHz ( period = 5.459 ns )                    ; ff_asyncrst_sign16bit:reg02|Q[6]  ; ff_asyncrst_sign16bit:reg03|Q[15] ; key[1]     ; key[1]   ; None                        ; None                      ; 5.239 ns                ;
; N/A                                     ; 183.32 MHz ( period = 5.455 ns )                    ; ff_asyncrst_sign16bit:reg01|Q[6]  ; ff_asyncrst_sign16bit:reg03|Q[14] ; key[1]     ; key[1]   ; None                        ; None                      ; 5.241 ns                ;
; N/A                                     ; 184.26 MHz ( period = 5.427 ns )                    ; ff_asyncrst_sign16bit:reg01|Q[1]  ; ff_asyncrst_sign16bit:reg03|Q[10] ; key[1]     ; key[1]   ; None                        ; None                      ; 5.215 ns                ;
; N/A                                     ; 184.37 MHz ( period = 5.424 ns )                    ; ff_asyncrst_sign16bit:reg01|Q[5]  ; ff_asyncrst_sign16bit:reg03|Q[14] ; key[1]     ; key[1]   ; None                        ; None                      ; 5.212 ns                ;
; N/A                                     ; 184.81 MHz ( period = 5.411 ns )                    ; ff_asyncrst_sign16bit:reg02|Q[0]  ; ff_asyncrst_sign16bit:reg03|Q[8]  ; key[1]     ; key[1]   ; None                        ; None                      ; 5.207 ns                ;
; N/A                                     ; 185.84 MHz ( period = 5.381 ns )                    ; ff_asyncrst_sign16bit:reg01|Q[8]  ; ff_asyncrst_sign1bit:reg04|Q      ; key[1]     ; key[1]   ; None                        ; None                      ; 5.167 ns                ;
; N/A                                     ; 185.94 MHz ( period = 5.378 ns )                    ; ff_asyncrst_sign16bit:reg01|Q[8]  ; ff_asyncrst_sign16bit:reg03|Q[15] ; key[1]     ; key[1]   ; None                        ; None                      ; 5.164 ns                ;
; N/A                                     ; 186.36 MHz ( period = 5.366 ns )                    ; ff_asyncrst_sign16bit:reg01|Q[1]  ; ff_asyncrst_sign16bit:reg03|Q[9]  ; key[1]     ; key[1]   ; None                        ; None                      ; 5.162 ns                ;
; N/A                                     ; 187.72 MHz ( period = 5.327 ns )                    ; ff_asyncrst_sign16bit:reg01|Q[2]  ; ff_asyncrst_sign16bit:reg03|Q[10] ; key[1]     ; key[1]   ; None                        ; None                      ; 5.115 ns                ;
; N/A                                     ; 189.32 MHz ( period = 5.282 ns )                    ; ff_asyncrst_sign16bit:reg02|Q[1]  ; ff_asyncrst_sign16bit:reg03|Q[10] ; key[1]     ; key[1]   ; None                        ; None                      ; 5.070 ns                ;
; N/A                                     ; 189.90 MHz ( period = 5.266 ns )                    ; ff_asyncrst_sign16bit:reg01|Q[2]  ; ff_asyncrst_sign16bit:reg03|Q[9]  ; key[1]     ; key[1]   ; None                        ; None                      ; 5.062 ns                ;
; N/A                                     ; 190.55 MHz ( period = 5.248 ns )                    ; ff_asyncrst_sign16bit:reg01|Q[4]  ; ff_asyncrst_sign16bit:reg03|Q[12] ; key[1]     ; key[1]   ; None                        ; None                      ; 5.038 ns                ;
; N/A                                     ; 190.99 MHz ( period = 5.236 ns )                    ; ff_asyncrst_sign16bit:reg01|Q[0]  ; ff_asyncrst_sign16bit:reg03|Q[8]  ; key[1]     ; key[1]   ; None                        ; None                      ; 5.032 ns                ;
; N/A                                     ; 191.09 MHz ( period = 5.233 ns )                    ; ff_asyncrst_sign16bit:reg01|Q[6]  ; ff_asyncrst_sign16bit:reg03|Q[13] ; key[1]     ; key[1]   ; None                        ; None                      ; 5.020 ns                ;
; N/A                                     ; 191.53 MHz ( period = 5.221 ns )                    ; ff_asyncrst_sign16bit:reg02|Q[1]  ; ff_asyncrst_sign16bit:reg03|Q[9]  ; key[1]     ; key[1]   ; None                        ; None                      ; 5.017 ns                ;
; N/A                                     ; 192.23 MHz ( period = 5.202 ns )                    ; ff_asyncrst_sign16bit:reg01|Q[5]  ; ff_asyncrst_sign16bit:reg03|Q[13] ; key[1]     ; key[1]   ; None                        ; None                      ; 4.991 ns                ;
; N/A                                     ; 192.46 MHz ( period = 5.196 ns )                    ; ff_asyncrst_sign16bit:reg01|Q[4]  ; ff_asyncrst_sign16bit:reg03|Q[11] ; key[1]     ; key[1]   ; None                        ; None                      ; 4.984 ns                ;
; N/A                                     ; 192.98 MHz ( period = 5.182 ns )                    ; ff_asyncrst_sign16bit:reg02|Q[3]  ; ff_asyncrst_sign16bit:reg03|Q[12] ; key[1]     ; key[1]   ; None                        ; None                      ; 4.972 ns                ;
; N/A                                     ; 194.93 MHz ( period = 5.130 ns )                    ; ff_asyncrst_sign16bit:reg02|Q[3]  ; ff_asyncrst_sign16bit:reg03|Q[11] ; key[1]     ; key[1]   ; None                        ; None                      ; 4.918 ns                ;
; N/A                                     ; 195.54 MHz ( period = 5.114 ns )                    ; ff_asyncrst_sign16bit:reg02|Q[2]  ; ff_asyncrst_sign16bit:reg03|Q[8]  ; key[1]     ; key[1]   ; None                        ; None                      ; 4.910 ns                ;
; N/A                                     ; 197.51 MHz ( period = 5.063 ns )                    ; ff_asyncrst_sign16bit:reg01|Q[3]  ; ff_asyncrst_sign16bit:reg03|Q[10] ; key[1]     ; key[1]   ; None                        ; None                      ; 4.851 ns                ;
; N/A                                     ; 197.78 MHz ( period = 5.056 ns )                    ; ff_asyncrst_sign16bit:reg02|Q[6]  ; ff_asyncrst_sign16bit:reg03|Q[14] ; key[1]     ; key[1]   ; None                        ; None                      ; 4.836 ns                ;
; N/A                                     ; 199.24 MHz ( period = 5.019 ns )                    ; ff_asyncrst_sign16bit:reg02|Q[4]  ; ff_asyncrst_sign16bit:reg03|Q[10] ; key[1]     ; key[1]   ; None                        ; None                      ; 4.807 ns                ;
; N/A                                     ; 199.28 MHz ( period = 5.018 ns )                    ; ff_asyncrst_sign16bit:reg02|Q[8]  ; ff_asyncrst_sign1bit:reg04|Q      ; key[1]     ; key[1]   ; None                        ; None                      ; 4.797 ns                ;
; N/A                                     ; 199.40 MHz ( period = 5.015 ns )                    ; ff_asyncrst_sign16bit:reg02|Q[8]  ; ff_asyncrst_sign16bit:reg03|Q[15] ; key[1]     ; key[1]   ; None                        ; None                      ; 4.794 ns                ;
; N/A                                     ; 199.60 MHz ( period = 5.010 ns )                    ; ff_asyncrst_sign16bit:reg02|Q[5]  ; ff_asyncrst_sign1bit:reg04|Q      ; key[1]     ; key[1]   ; None                        ; None                      ; 4.796 ns                ;
; N/A                                     ; 199.72 MHz ( period = 5.007 ns )                    ; ff_asyncrst_sign16bit:reg02|Q[5]  ; ff_asyncrst_sign16bit:reg03|Q[15] ; key[1]     ; key[1]   ; None                        ; None                      ; 4.793 ns                ;
; N/A                                     ; 199.92 MHz ( period = 5.002 ns )                    ; ff_asyncrst_sign16bit:reg01|Q[3]  ; ff_asyncrst_sign16bit:reg03|Q[9]  ; key[1]     ; key[1]   ; None                        ; None                      ; 4.798 ns                ;
; N/A                                     ; 201.01 MHz ( period = 4.975 ns )                    ; ff_asyncrst_sign16bit:reg01|Q[8]  ; ff_asyncrst_sign16bit:reg03|Q[14] ; key[1]     ; key[1]   ; None                        ; None                      ; 4.761 ns                ;
; N/A                                     ; 201.69 MHz ( period = 4.958 ns )                    ; ff_asyncrst_sign16bit:reg01|Q[1]  ; ff_asyncrst_sign16bit:reg03|Q[8]  ; key[1]     ; key[1]   ; None                        ; None                      ; 4.754 ns                ;
; N/A                                     ; 201.69 MHz ( period = 4.958 ns )                    ; ff_asyncrst_sign16bit:reg02|Q[4]  ; ff_asyncrst_sign16bit:reg03|Q[9]  ; key[1]     ; key[1]   ; None                        ; None                      ; 4.754 ns                ;
; N/A                                     ; 205.09 MHz ( period = 4.876 ns )                    ; ff_asyncrst_sign16bit:reg01|Q[7]  ; ff_asyncrst_sign1bit:reg04|Q      ; key[1]     ; key[1]   ; None                        ; None                      ; 4.656 ns                ;
; N/A                                     ; 205.21 MHz ( period = 4.873 ns )                    ; ff_asyncrst_sign16bit:reg01|Q[7]  ; ff_asyncrst_sign16bit:reg03|Q[15] ; key[1]     ; key[1]   ; None                        ; None                      ; 4.653 ns                ;
; N/A                                     ; 205.85 MHz ( period = 4.858 ns )                    ; ff_asyncrst_sign16bit:reg01|Q[2]  ; ff_asyncrst_sign16bit:reg03|Q[8]  ; key[1]     ; key[1]   ; None                        ; None                      ; 4.654 ns                ;
; N/A                                     ; 206.87 MHz ( period = 4.834 ns )                    ; ff_asyncrst_sign16bit:reg02|Q[6]  ; ff_asyncrst_sign16bit:reg03|Q[13] ; key[1]     ; key[1]   ; None                        ; None                      ; 4.615 ns                ;
; N/A                                     ; 207.38 MHz ( period = 4.822 ns )                    ; ff_asyncrst_sign16bit:reg01|Q[6]  ; ff_asyncrst_sign16bit:reg03|Q[12] ; key[1]     ; key[1]   ; None                        ; None                      ; 4.609 ns                ;
; N/A                                     ; 207.77 MHz ( period = 4.813 ns )                    ; ff_asyncrst_sign16bit:reg02|Q[1]  ; ff_asyncrst_sign16bit:reg03|Q[8]  ; key[1]     ; key[1]   ; None                        ; None                      ; 4.609 ns                ;
; N/A                                     ; 208.72 MHz ( period = 4.791 ns )                    ; ff_asyncrst_sign16bit:reg01|Q[5]  ; ff_asyncrst_sign16bit:reg03|Q[12] ; key[1]     ; key[1]   ; None                        ; None                      ; 4.580 ns                ;
; N/A                                     ; 209.64 MHz ( period = 4.770 ns )                    ; ff_asyncrst_sign16bit:reg01|Q[6]  ; ff_asyncrst_sign16bit:reg03|Q[11] ; key[1]     ; key[1]   ; None                        ; None                      ; 4.555 ns                ;
; N/A                                     ; 210.39 MHz ( period = 4.753 ns )                    ; ff_asyncrst_sign16bit:reg01|Q[8]  ; ff_asyncrst_sign16bit:reg03|Q[13] ; key[1]     ; key[1]   ; None                        ; None                      ; 4.540 ns                ;
; N/A                                     ; 211.01 MHz ( period = 4.739 ns )                    ; ff_asyncrst_sign16bit:reg01|Q[5]  ; ff_asyncrst_sign16bit:reg03|Q[11] ; key[1]     ; key[1]   ; None                        ; None                      ; 4.526 ns                ;
; N/A                                     ; 216.83 MHz ( period = 4.612 ns )                    ; ff_asyncrst_sign16bit:reg02|Q[8]  ; ff_asyncrst_sign16bit:reg03|Q[14] ; key[1]     ; key[1]   ; None                        ; None                      ; 4.391 ns                ;
; N/A                                     ; 217.20 MHz ( period = 4.604 ns )                    ; ff_asyncrst_sign16bit:reg02|Q[5]  ; ff_asyncrst_sign16bit:reg03|Q[14] ; key[1]     ; key[1]   ; None                        ; None                      ; 4.390 ns                ;
; N/A                                     ; 217.68 MHz ( period = 4.594 ns )                    ; ff_asyncrst_sign16bit:reg01|Q[3]  ; ff_asyncrst_sign16bit:reg03|Q[8]  ; key[1]     ; key[1]   ; None                        ; None                      ; 4.390 ns                ;
; N/A                                     ; 219.78 MHz ( period = 4.550 ns )                    ; ff_asyncrst_sign16bit:reg02|Q[4]  ; ff_asyncrst_sign16bit:reg03|Q[8]  ; key[1]     ; key[1]   ; None                        ; None                      ; 4.346 ns                ;
; N/A                                     ; 220.65 MHz ( period = 4.532 ns )                    ; ff_asyncrst_sign16bit:reg01|Q[4]  ; ff_asyncrst_sign16bit:reg03|Q[10] ; key[1]     ; key[1]   ; None                        ; None                      ; 4.320 ns                ;
; N/A                                     ; 223.16 MHz ( period = 4.481 ns )                    ; ff_asyncrst_sign16bit:reg02|Q[0]  ; ff_asyncrst_sign16bit:reg03|Q[7]  ; key[1]     ; key[1]   ; None                        ; None                      ; 4.276 ns                ;
; N/A                                     ; 223.66 MHz ( period = 4.471 ns )                    ; ff_asyncrst_sign16bit:reg01|Q[4]  ; ff_asyncrst_sign16bit:reg03|Q[9]  ; key[1]     ; key[1]   ; None                        ; None                      ; 4.267 ns                ;
; N/A                                     ; 223.71 MHz ( period = 4.470 ns )                    ; ff_asyncrst_sign16bit:reg01|Q[7]  ; ff_asyncrst_sign16bit:reg03|Q[14] ; key[1]     ; key[1]   ; None                        ; None                      ; 4.250 ns                ;
; N/A                                     ; 223.91 MHz ( period = 4.466 ns )                    ; ff_asyncrst_sign16bit:reg02|Q[3]  ; ff_asyncrst_sign16bit:reg03|Q[10] ; key[1]     ; key[1]   ; None                        ; None                      ; 4.254 ns                ;
; N/A                                     ; 226.09 MHz ( period = 4.423 ns )                    ; ff_asyncrst_sign16bit:reg02|Q[6]  ; ff_asyncrst_sign16bit:reg03|Q[12] ; key[1]     ; key[1]   ; None                        ; None                      ; 4.204 ns                ;
; N/A                                     ; 227.01 MHz ( period = 4.405 ns )                    ; ff_asyncrst_sign16bit:reg02|Q[3]  ; ff_asyncrst_sign16bit:reg03|Q[9]  ; key[1]     ; key[1]   ; None                        ; None                      ; 4.201 ns                ;
; N/A                                     ; 227.79 MHz ( period = 4.390 ns )                    ; ff_asyncrst_sign16bit:reg02|Q[8]  ; ff_asyncrst_sign16bit:reg03|Q[13] ; key[1]     ; key[1]   ; None                        ; None                      ; 4.170 ns                ;
; N/A                                     ; 228.05 MHz ( period = 4.385 ns )                    ; ff_asyncrst_sign16bit:reg01|Q[9]  ; ff_asyncrst_sign1bit:reg04|Q      ; key[1]     ; key[1]   ; None                        ; None                      ; 4.164 ns                ;
; N/A                                     ; 228.21 MHz ( period = 4.382 ns )                    ; ff_asyncrst_sign16bit:reg02|Q[5]  ; ff_asyncrst_sign16bit:reg03|Q[13] ; key[1]     ; key[1]   ; None                        ; None                      ; 4.169 ns                ;
; N/A                                     ; 228.21 MHz ( period = 4.382 ns )                    ; ff_asyncrst_sign16bit:reg01|Q[9]  ; ff_asyncrst_sign16bit:reg03|Q[15] ; key[1]     ; key[1]   ; None                        ; None                      ; 4.161 ns                ;
; N/A                                     ; 228.78 MHz ( period = 4.371 ns )                    ; ff_asyncrst_sign16bit:reg02|Q[6]  ; ff_asyncrst_sign16bit:reg03|Q[11] ; key[1]     ; key[1]   ; None                        ; None                      ; 4.150 ns                ;
; N/A                                     ; 230.31 MHz ( period = 4.342 ns )                    ; ff_asyncrst_sign16bit:reg01|Q[8]  ; ff_asyncrst_sign16bit:reg03|Q[12] ; key[1]     ; key[1]   ; None                        ; None                      ; 4.129 ns                ;
; N/A                                     ; 232.23 MHz ( period = 4.306 ns )                    ; ff_asyncrst_sign16bit:reg01|Q[0]  ; ff_asyncrst_sign16bit:reg03|Q[7]  ; key[1]     ; key[1]   ; None                        ; None                      ; 4.101 ns                ;
; N/A                                     ; 233.10 MHz ( period = 4.290 ns )                    ; ff_asyncrst_sign16bit:reg01|Q[8]  ; ff_asyncrst_sign16bit:reg03|Q[11] ; key[1]     ; key[1]   ; None                        ; None                      ; 4.075 ns                ;
; N/A                                     ; 235.40 MHz ( period = 4.248 ns )                    ; ff_asyncrst_sign16bit:reg01|Q[7]  ; ff_asyncrst_sign16bit:reg03|Q[13] ; key[1]     ; key[1]   ; None                        ; None                      ; 4.029 ns                ;
; N/A                                     ; 237.47 MHz ( period = 4.211 ns )                    ; ff_asyncrst_sign16bit:reg02|Q[0]  ; ff_asyncrst_sign16bit:reg03|Q[6]  ; key[1]     ; key[1]   ; None                        ; None                      ; 4.006 ns                ;
; N/A                                     ; 239.01 MHz ( period = 4.184 ns )                    ; ff_asyncrst_sign16bit:reg02|Q[2]  ; ff_asyncrst_sign16bit:reg03|Q[7]  ; key[1]     ; key[1]   ; None                        ; None                      ; 3.979 ns                ;
; N/A                                     ; 243.55 MHz ( period = 4.106 ns )                    ; ff_asyncrst_sign16bit:reg01|Q[6]  ; ff_asyncrst_sign16bit:reg03|Q[10] ; key[1]     ; key[1]   ; None                        ; None                      ; 3.891 ns                ;
; N/A                                     ; 245.40 MHz ( period = 4.075 ns )                    ; ff_asyncrst_sign16bit:reg01|Q[5]  ; ff_asyncrst_sign16bit:reg03|Q[10] ; key[1]     ; key[1]   ; None                        ; None                      ; 3.862 ns                ;
; N/A                                     ; 246.12 MHz ( period = 4.063 ns )                    ; ff_asyncrst_sign16bit:reg01|Q[4]  ; ff_asyncrst_sign16bit:reg03|Q[8]  ; key[1]     ; key[1]   ; None                        ; None                      ; 3.859 ns                ;
; N/A                                     ; 247.22 MHz ( period = 4.045 ns )                    ; ff_asyncrst_sign16bit:reg01|Q[6]  ; ff_asyncrst_sign16bit:reg03|Q[9]  ; key[1]     ; key[1]   ; None                        ; None                      ; 3.838 ns                ;
; N/A                                     ; 247.77 MHz ( period = 4.036 ns )                    ; ff_asyncrst_sign16bit:reg01|Q[0]  ; ff_asyncrst_sign16bit:reg03|Q[6]  ; key[1]     ; key[1]   ; None                        ; None                      ; 3.831 ns                ;
; N/A                                     ; 248.26 MHz ( period = 4.028 ns )                    ; ff_asyncrst_sign16bit:reg01|Q[1]  ; ff_asyncrst_sign16bit:reg03|Q[7]  ; key[1]     ; key[1]   ; None                        ; None                      ; 3.823 ns                ;
; N/A                                     ; 249.00 MHz ( period = 4.016 ns )                    ; ff_asyncrst_sign16bit:reg02|Q[7]  ; ff_asyncrst_sign1bit:reg04|Q      ; key[1]     ; key[1]   ; None                        ; None                      ; 3.802 ns                ;
; N/A                                     ; 249.13 MHz ( period = 4.014 ns )                    ; ff_asyncrst_sign16bit:reg01|Q[5]  ; ff_asyncrst_sign16bit:reg03|Q[9]  ; key[1]     ; key[1]   ; None                        ; None                      ; 3.809 ns                ;
; N/A                                     ; 249.19 MHz ( period = 4.013 ns )                    ; ff_asyncrst_sign16bit:reg02|Q[7]  ; ff_asyncrst_sign16bit:reg03|Q[15] ; key[1]     ; key[1]   ; None                        ; None                      ; 3.799 ns                ;
; N/A                                     ; 250.19 MHz ( period = 3.997 ns )                    ; ff_asyncrst_sign16bit:reg02|Q[3]  ; ff_asyncrst_sign16bit:reg03|Q[8]  ; key[1]     ; key[1]   ; None                        ; None                      ; 3.793 ns                ;
; N/A                                     ; 251.32 MHz ( period = 3.979 ns )                    ; ff_asyncrst_sign16bit:reg02|Q[8]  ; ff_asyncrst_sign16bit:reg03|Q[12] ; key[1]     ; key[1]   ; None                        ; None                      ; 3.759 ns                ;
; N/A                                     ; 251.32 MHz ( period = 3.979 ns )                    ; ff_asyncrst_sign16bit:reg01|Q[9]  ; ff_asyncrst_sign16bit:reg03|Q[14] ; key[1]     ; key[1]   ; None                        ; None                      ; 3.758 ns                ;
; N/A                                     ; 251.83 MHz ( period = 3.971 ns )                    ; ff_asyncrst_sign16bit:reg02|Q[5]  ; ff_asyncrst_sign16bit:reg03|Q[12] ; key[1]     ; key[1]   ; None                        ; None                      ; 3.758 ns                ;
; N/A                                     ; 253.16 MHz ( period = 3.950 ns )                    ; ff_asyncrst_sign16bit:reg02|Q[10] ; ff_asyncrst_sign1bit:reg04|Q      ; key[1]     ; key[1]   ; None                        ; None                      ; 3.737 ns                ;
; N/A                                     ; 253.36 MHz ( period = 3.947 ns )                    ; ff_asyncrst_sign16bit:reg02|Q[10] ; ff_asyncrst_sign16bit:reg03|Q[15] ; key[1]     ; key[1]   ; None                        ; None                      ; 3.734 ns                ;
; N/A                                     ; 254.58 MHz ( period = 3.928 ns )                    ; ff_asyncrst_sign16bit:reg01|Q[2]  ; ff_asyncrst_sign16bit:reg03|Q[7]  ; key[1]     ; key[1]   ; None                        ; None                      ; 3.723 ns                ;
; N/A                                     ; 254.65 MHz ( period = 3.927 ns )                    ; ff_asyncrst_sign16bit:reg02|Q[8]  ; ff_asyncrst_sign16bit:reg03|Q[11] ; key[1]     ; key[1]   ; None                        ; None                      ; 3.705 ns                ;
; N/A                                     ; 255.17 MHz ( period = 3.919 ns )                    ; ff_asyncrst_sign16bit:reg02|Q[5]  ; ff_asyncrst_sign16bit:reg03|Q[11] ; key[1]     ; key[1]   ; None                        ; None                      ; 3.704 ns                ;
; N/A                                     ; 255.49 MHz ( period = 3.914 ns )                    ; ff_asyncrst_sign16bit:reg02|Q[2]  ; ff_asyncrst_sign16bit:reg03|Q[6]  ; key[1]     ; key[1]   ; None                        ; None                      ; 3.709 ns                ;
; N/A                                     ; 257.53 MHz ( period = 3.883 ns )                    ; ff_asyncrst_sign16bit:reg02|Q[1]  ; ff_asyncrst_sign16bit:reg03|Q[7]  ; key[1]     ; key[1]   ; None                        ; None                      ; 3.678 ns                ;
; N/A                                     ; 260.62 MHz ( period = 3.837 ns )                    ; ff_asyncrst_sign16bit:reg01|Q[7]  ; ff_asyncrst_sign16bit:reg03|Q[12] ; key[1]     ; key[1]   ; None                        ; None                      ; 3.618 ns                ;
; N/A                                     ; 264.20 MHz ( period = 3.785 ns )                    ; ff_asyncrst_sign16bit:reg01|Q[7]  ; ff_asyncrst_sign16bit:reg03|Q[11] ; key[1]     ; key[1]   ; None                        ; None                      ; 3.564 ns                ;
; N/A                                     ; 266.10 MHz ( period = 3.758 ns )                    ; ff_asyncrst_sign16bit:reg01|Q[1]  ; ff_asyncrst_sign16bit:reg03|Q[6]  ; key[1]     ; key[1]   ; None                        ; None                      ; 3.553 ns                ;
; N/A                                     ; 266.17 MHz ( period = 3.757 ns )                    ; ff_asyncrst_sign16bit:reg01|Q[9]  ; ff_asyncrst_sign16bit:reg03|Q[13] ; key[1]     ; key[1]   ; None                        ; None                      ; 3.537 ns                ;
; N/A                                     ; 267.81 MHz ( period = 3.734 ns )                    ; ff_asyncrst_sign16bit:reg01|Q[10] ; ff_asyncrst_sign1bit:reg04|Q      ; key[1]     ; key[1]   ; None                        ; None                      ; 3.520 ns                ;
; N/A                                     ; 268.02 MHz ( period = 3.731 ns )                    ; ff_asyncrst_sign16bit:reg01|Q[10] ; ff_asyncrst_sign16bit:reg03|Q[15] ; key[1]     ; key[1]   ; None                        ; None                      ; 3.517 ns                ;
; N/A                                     ; 269.76 MHz ( period = 3.707 ns )                    ; ff_asyncrst_sign16bit:reg02|Q[6]  ; ff_asyncrst_sign16bit:reg03|Q[10] ; key[1]     ; key[1]   ; None                        ; None                      ; 3.486 ns                ;
; N/A                                     ; 272.93 MHz ( period = 3.664 ns )                    ; ff_asyncrst_sign16bit:reg01|Q[3]  ; ff_asyncrst_sign16bit:reg03|Q[7]  ; key[1]     ; key[1]   ; None                        ; None                      ; 3.459 ns                ;
; N/A                                     ; 273.37 MHz ( period = 3.658 ns )                    ; ff_asyncrst_sign16bit:reg01|Q[2]  ; ff_asyncrst_sign16bit:reg03|Q[6]  ; key[1]     ; key[1]   ; None                        ; None                      ; 3.453 ns                ;
; N/A                                     ; 274.27 MHz ( period = 3.646 ns )                    ; ff_asyncrst_sign16bit:reg02|Q[6]  ; ff_asyncrst_sign16bit:reg03|Q[9]  ; key[1]     ; key[1]   ; None                        ; None                      ; 3.433 ns                ;
; N/A                                     ; 274.95 MHz ( period = 3.637 ns )                    ; ff_asyncrst_sign16bit:reg01|Q[6]  ; ff_asyncrst_sign16bit:reg03|Q[8]  ; key[1]     ; key[1]   ; None                        ; None                      ; 3.430 ns                ;
; N/A                                     ; 275.79 MHz ( period = 3.626 ns )                    ; ff_asyncrst_sign16bit:reg01|Q[8]  ; ff_asyncrst_sign16bit:reg03|Q[10] ; key[1]     ; key[1]   ; None                        ; None                      ; 3.411 ns                ;
; N/A                                     ; 276.24 MHz ( period = 3.620 ns )                    ; ff_asyncrst_sign16bit:reg02|Q[4]  ; ff_asyncrst_sign16bit:reg03|Q[7]  ; key[1]     ; key[1]   ; None                        ; None                      ; 3.415 ns                ;
; N/A                                     ; 276.78 MHz ( period = 3.613 ns )                    ; ff_asyncrst_sign16bit:reg02|Q[1]  ; ff_asyncrst_sign16bit:reg03|Q[6]  ; key[1]     ; key[1]   ; None                        ; None                      ; 3.408 ns                ;
; N/A                                     ; 277.01 MHz ( period = 3.610 ns )                    ; ff_asyncrst_sign16bit:reg02|Q[7]  ; ff_asyncrst_sign16bit:reg03|Q[14] ; key[1]     ; key[1]   ; None                        ; None                      ; 3.396 ns                ;
; N/A                                     ; 277.32 MHz ( period = 3.606 ns )                    ; ff_asyncrst_sign16bit:reg01|Q[5]  ; ff_asyncrst_sign16bit:reg03|Q[8]  ; key[1]     ; key[1]   ; None                        ; None                      ; 3.401 ns                ;
; N/A                                     ; 282.17 MHz ( period = 3.544 ns )                    ; ff_asyncrst_sign16bit:reg02|Q[10] ; ff_asyncrst_sign16bit:reg03|Q[14] ; key[1]     ; key[1]   ; None                        ; None                      ; 3.331 ns                ;
; N/A                                     ; 283.61 MHz ( period = 3.526 ns )                    ; ff_asyncrst_sign16bit:reg02|Q[0]  ; ff_asyncrst_sign16bit:reg03|Q[5]  ; key[1]     ; key[1]   ; None                        ; None                      ; 3.312 ns                ;
; N/A                                     ; 291.55 MHz ( period = 3.430 ns )                    ; ff_asyncrst_sign16bit:reg01|Q[12] ; ff_asyncrst_sign1bit:reg04|Q      ; key[1]     ; key[1]   ; None                        ; None                      ; 3.216 ns                ;
; N/A                                     ; 291.80 MHz ( period = 3.427 ns )                    ; ff_asyncrst_sign16bit:reg01|Q[12] ; ff_asyncrst_sign16bit:reg03|Q[15] ; key[1]     ; key[1]   ; None                        ; None                      ; 3.213 ns                ;
; N/A                                     ; 294.64 MHz ( period = 3.394 ns )                    ; ff_asyncrst_sign16bit:reg01|Q[3]  ; ff_asyncrst_sign16bit:reg03|Q[6]  ; key[1]     ; key[1]   ; None                        ; None                      ; 3.189 ns                ;
; N/A                                     ; 295.16 MHz ( period = 3.388 ns )                    ; ff_asyncrst_sign16bit:reg02|Q[7]  ; ff_asyncrst_sign16bit:reg03|Q[13] ; key[1]     ; key[1]   ; None                        ; None                      ; 3.175 ns                ;
; N/A                                     ; 298.42 MHz ( period = 3.351 ns )                    ; ff_asyncrst_sign16bit:reg01|Q[0]  ; ff_asyncrst_sign16bit:reg03|Q[5]  ; key[1]     ; key[1]   ; None                        ; None                      ; 3.137 ns                ;
; N/A                                     ; 298.51 MHz ( period = 3.350 ns )                    ; ff_asyncrst_sign16bit:reg02|Q[4]  ; ff_asyncrst_sign16bit:reg03|Q[6]  ; key[1]     ; key[1]   ; None                        ; None                      ; 3.145 ns                ;
; N/A                                     ; 298.86 MHz ( period = 3.346 ns )                    ; ff_asyncrst_sign16bit:reg01|Q[9]  ; ff_asyncrst_sign16bit:reg03|Q[12] ; key[1]     ; key[1]   ; None                        ; None                      ; 3.126 ns                ;
; N/A                                     ; 300.48 MHz ( period = 3.328 ns )                    ; ff_asyncrst_sign16bit:reg01|Q[10] ; ff_asyncrst_sign16bit:reg03|Q[14] ; key[1]     ; key[1]   ; None                        ; None                      ; 3.114 ns                ;
; N/A                                     ; 301.02 MHz ( period = 3.322 ns )                    ; ff_asyncrst_sign16bit:reg02|Q[10] ; ff_asyncrst_sign16bit:reg03|Q[13] ; key[1]     ; key[1]   ; None                        ; None                      ; 3.110 ns                ;
; N/A                                     ; 303.58 MHz ( period = 3.294 ns )                    ; ff_asyncrst_sign16bit:reg01|Q[9]  ; ff_asyncrst_sign16bit:reg03|Q[11] ; key[1]     ; key[1]   ; None                        ; None                      ; 3.072 ns                ;
; N/A                                     ; 306.47 MHz ( period = 3.263 ns )                    ; ff_asyncrst_sign16bit:reg02|Q[8]  ; ff_asyncrst_sign16bit:reg03|Q[10] ; key[1]     ; key[1]   ; None                        ; None                      ; 3.041 ns                ;
; N/A                                     ; 307.22 MHz ( period = 3.255 ns )                    ; ff_asyncrst_sign16bit:reg02|Q[5]  ; ff_asyncrst_sign16bit:reg03|Q[10] ; key[1]     ; key[1]   ; None                        ; None                      ; 3.040 ns                ;
; N/A                                     ; 308.83 MHz ( period = 3.238 ns )                    ; ff_asyncrst_sign16bit:reg02|Q[6]  ; ff_asyncrst_sign16bit:reg03|Q[8]  ; key[1]     ; key[1]   ; None                        ; None                      ; 3.025 ns                ;
; N/A                                     ; 309.69 MHz ( period = 3.229 ns )                    ; ff_asyncrst_sign16bit:reg02|Q[2]  ; ff_asyncrst_sign16bit:reg03|Q[5]  ; key[1]     ; key[1]   ; None                        ; None                      ; 3.015 ns                ;
; N/A                                     ; 312.60 MHz ( period = 3.199 ns )                    ; ff_asyncrst_sign16bit:reg02|Q[9]  ; ff_asyncrst_sign1bit:reg04|Q      ; key[1]     ; key[1]   ; None                        ; None                      ; 2.985 ns                ;
; N/A                                     ; 312.89 MHz ( period = 3.196 ns )                    ; ff_asyncrst_sign16bit:reg02|Q[9]  ; ff_asyncrst_sign16bit:reg03|Q[15] ; key[1]     ; key[1]   ; None                        ; None                      ; 2.982 ns                ;
; N/A                                     ; 313.09 MHz ( period = 3.194 ns )                    ; ff_asyncrst_sign16bit:reg02|Q[5]  ; ff_asyncrst_sign16bit:reg03|Q[9]  ; key[1]     ; key[1]   ; None                        ; None                      ; 2.987 ns                ;
; N/A                                     ; 319.18 MHz ( period = 3.133 ns )                    ; ff_asyncrst_sign16bit:reg01|Q[4]  ; ff_asyncrst_sign16bit:reg03|Q[7]  ; key[1]     ; key[1]   ; None                        ; None                      ; 2.928 ns                ;
; N/A                                     ; 320.41 MHz ( period = 3.121 ns )                    ; ff_asyncrst_sign16bit:reg01|Q[7]  ; ff_asyncrst_sign16bit:reg03|Q[10] ; key[1]     ; key[1]   ; None                        ; None                      ; 2.900 ns                ;
; N/A                                     ; 321.96 MHz ( period = 3.106 ns )                    ; ff_asyncrst_sign16bit:reg01|Q[10] ; ff_asyncrst_sign16bit:reg03|Q[13] ; key[1]     ; key[1]   ; None                        ; None                      ; 2.893 ns                ;
; N/A                                     ; 325.41 MHz ( period = 3.073 ns )                    ; ff_asyncrst_sign16bit:reg01|Q[1]  ; ff_asyncrst_sign16bit:reg03|Q[5]  ; key[1]     ; key[1]   ; None                        ; None                      ; 2.859 ns                ;
; N/A                                     ; 326.05 MHz ( period = 3.067 ns )                    ; ff_asyncrst_sign16bit:reg02|Q[3]  ; ff_asyncrst_sign16bit:reg03|Q[7]  ; key[1]     ; key[1]   ; None                        ; None                      ; 2.862 ns                ;
; N/A                                     ; 326.80 MHz ( period = 3.060 ns )                    ; ff_asyncrst_sign16bit:reg01|Q[7]  ; ff_asyncrst_sign16bit:reg03|Q[9]  ; key[1]     ; key[1]   ; None                        ; None                      ; 2.847 ns                ;
; N/A                                     ; 330.69 MHz ( period = 3.024 ns )                    ; ff_asyncrst_sign16bit:reg01|Q[12] ; ff_asyncrst_sign16bit:reg03|Q[14] ; key[1]     ; key[1]   ; None                        ; None                      ; 2.810 ns                ;
; N/A                                     ; 335.91 MHz ( period = 2.977 ns )                    ; ff_asyncrst_sign16bit:reg02|Q[7]  ; ff_asyncrst_sign16bit:reg03|Q[12] ; key[1]     ; key[1]   ; None                        ; None                      ; 2.764 ns                ;
; N/A                                     ; 336.36 MHz ( period = 2.973 ns )                    ; ff_asyncrst_sign16bit:reg01|Q[2]  ; ff_asyncrst_sign16bit:reg03|Q[5]  ; key[1]     ; key[1]   ; None                        ; None                      ; 2.759 ns                ;
; N/A                                     ; 341.53 MHz ( period = 2.928 ns )                    ; ff_asyncrst_sign16bit:reg02|Q[1]  ; ff_asyncrst_sign16bit:reg03|Q[5]  ; key[1]     ; key[1]   ; None                        ; None                      ; 2.714 ns                ;
; N/A                                     ; 341.88 MHz ( period = 2.925 ns )                    ; ff_asyncrst_sign16bit:reg02|Q[7]  ; ff_asyncrst_sign16bit:reg03|Q[11] ; key[1]     ; key[1]   ; None                        ; None                      ; 2.710 ns                ;
; N/A                                     ; 343.52 MHz ( period = 2.911 ns )                    ; ff_asyncrst_sign16bit:reg02|Q[10] ; ff_asyncrst_sign16bit:reg03|Q[12] ; key[1]     ; key[1]   ; None                        ; None                      ; 2.699 ns                ;
; N/A                                     ; 349.28 MHz ( period = 2.863 ns )                    ; ff_asyncrst_sign16bit:reg01|Q[4]  ; ff_asyncrst_sign16bit:reg03|Q[6]  ; key[1]     ; key[1]   ; None                        ; None                      ; 2.658 ns                ;
; N/A                                     ; 349.77 MHz ( period = 2.859 ns )                    ; ff_asyncrst_sign16bit:reg02|Q[10] ; ff_asyncrst_sign16bit:reg03|Q[11] ; key[1]     ; key[1]   ; None                        ; None                      ; 2.645 ns                ;
; N/A                                     ; 351.49 MHz ( period = 2.845 ns )                    ; ff_asyncrst_sign16bit:reg02|Q[8]  ; ff_asyncrst_sign16bit:reg03|Q[9]  ; key[1]     ; key[1]   ; None                        ; None                      ; 2.631 ns                ;
; Timing analysis restricted to 200 rows. ; To change the limit use Settings (Assignments menu) ;                                   ;                                   ;            ;          ;                             ;                           ;                         ;
+-----------------------------------------+-----------------------------------------------------+-----------------------------------+-----------------------------------+------------+----------+-----------------------------+---------------------------+-------------------------+


+-------------------------------------------------------------------------------------------+
; tsu                                                                                       ;
+-------+--------------+------------+--------+-----------------------------------+----------+
; Slack ; Required tsu ; Actual tsu ; From   ; To                                ; To Clock ;
+-------+--------------+------------+--------+-----------------------------------+----------+
; N/A   ; None         ; 4.615 ns   ; sw[22] ; ff_asyncrst_sign16bit:reg01|Q[6]  ; key[1]   ;
; N/A   ; None         ; 4.483 ns   ; sw[13] ; ff_asyncrst_sign16bit:reg02|Q[13] ; key[1]   ;
; N/A   ; None         ; 4.474 ns   ; sw[24] ; ff_asyncrst_sign16bit:reg01|Q[8]  ; key[1]   ;
; N/A   ; None         ; 4.437 ns   ; sw[14] ; ff_asyncrst_sign16bit:reg02|Q[14] ; key[1]   ;
; N/A   ; None         ; 4.426 ns   ; sw[15] ; ff_asyncrst_sign16bit:reg02|Q[15] ; key[1]   ;
; N/A   ; None         ; 4.389 ns   ; sw[7]  ; ff_asyncrst_sign16bit:reg02|Q[7]  ; key[1]   ;
; N/A   ; None         ; 4.386 ns   ; sw[5]  ; ff_asyncrst_sign16bit:reg02|Q[5]  ; key[1]   ;
; N/A   ; None         ; 4.379 ns   ; sw[19] ; ff_asyncrst_sign16bit:reg01|Q[3]  ; key[1]   ;
; N/A   ; None         ; 4.364 ns   ; sw[3]  ; ff_asyncrst_sign16bit:reg02|Q[3]  ; key[1]   ;
; N/A   ; None         ; 4.304 ns   ; sw[12] ; ff_asyncrst_sign16bit:reg02|Q[12] ; key[1]   ;
; N/A   ; None         ; 4.260 ns   ; sw[16] ; ff_asyncrst_sign16bit:reg01|Q[0]  ; key[1]   ;
; N/A   ; None         ; 4.106 ns   ; sw[4]  ; ff_asyncrst_sign16bit:reg02|Q[4]  ; key[1]   ;
; N/A   ; None         ; 4.104 ns   ; sw[1]  ; ff_asyncrst_sign16bit:reg02|Q[1]  ; key[1]   ;
; N/A   ; None         ; 4.098 ns   ; sw[27] ; ff_asyncrst_sign16bit:reg01|Q[11] ; key[1]   ;
; N/A   ; None         ; 4.063 ns   ; sw[2]  ; ff_asyncrst_sign16bit:reg02|Q[2]  ; key[1]   ;
; N/A   ; None         ; 4.048 ns   ; sw[28] ; ff_asyncrst_sign16bit:reg01|Q[12] ; key[1]   ;
; N/A   ; None         ; 4.027 ns   ; sw[31] ; ff_asyncrst_sign16bit:reg01|Q[15] ; key[1]   ;
; N/A   ; None         ; 3.995 ns   ; sw[21] ; ff_asyncrst_sign16bit:reg01|Q[5]  ; key[1]   ;
; N/A   ; None         ; 3.965 ns   ; sw[17] ; ff_asyncrst_sign16bit:reg01|Q[1]  ; key[1]   ;
; N/A   ; None         ; 3.960 ns   ; sw[9]  ; ff_asyncrst_sign16bit:reg02|Q[9]  ; key[1]   ;
; N/A   ; None         ; 3.889 ns   ; sw[20] ; ff_asyncrst_sign16bit:reg01|Q[4]  ; key[1]   ;
; N/A   ; None         ; 3.880 ns   ; sw[6]  ; ff_asyncrst_sign16bit:reg02|Q[6]  ; key[1]   ;
; N/A   ; None         ; 3.716 ns   ; sw[23] ; ff_asyncrst_sign16bit:reg01|Q[7]  ; key[1]   ;
; N/A   ; None         ; 3.712 ns   ; sw[0]  ; ff_asyncrst_sign16bit:reg02|Q[0]  ; key[1]   ;
; N/A   ; None         ; 3.634 ns   ; sw[18] ; ff_asyncrst_sign16bit:reg01|Q[2]  ; key[1]   ;
; N/A   ; None         ; 3.631 ns   ; sw[8]  ; ff_asyncrst_sign16bit:reg02|Q[8]  ; key[1]   ;
; N/A   ; None         ; 3.621 ns   ; sw[11] ; ff_asyncrst_sign16bit:reg02|Q[11] ; key[1]   ;
; N/A   ; None         ; 3.618 ns   ; sw[26] ; ff_asyncrst_sign16bit:reg01|Q[10] ; key[1]   ;
; N/A   ; None         ; 3.616 ns   ; sw[10] ; ff_asyncrst_sign16bit:reg02|Q[10] ; key[1]   ;
; N/A   ; None         ; 3.613 ns   ; sw[25] ; ff_asyncrst_sign16bit:reg01|Q[9]  ; key[1]   ;
; N/A   ; None         ; 0.431 ns   ; sw[30] ; ff_asyncrst_sign16bit:reg01|Q[14] ; key[1]   ;
; N/A   ; None         ; 0.360 ns   ; sw[29] ; ff_asyncrst_sign16bit:reg01|Q[13] ; key[1]   ;
+-------+--------------+------------+--------+-----------------------------------+----------+


+-------------------------------------------------------------------------------------------------+
; tco                                                                                             ;
+-------+--------------+------------+-----------------------------------+------------+------------+
; Slack ; Required tco ; Actual tco ; From                              ; To         ; From Clock ;
+-------+--------------+------------+-----------------------------------+------------+------------+
; N/A   ; None         ; 7.372 ns   ; ff_asyncrst_sign16bit:reg03|Q[2]  ; output[2]  ; key[1]     ;
; N/A   ; None         ; 7.019 ns   ; ff_asyncrst_sign16bit:reg03|Q[3]  ; output[3]  ; key[1]     ;
; N/A   ; None         ; 6.997 ns   ; ff_asyncrst_sign16bit:reg03|Q[12] ; output[12] ; key[1]     ;
; N/A   ; None         ; 6.969 ns   ; ff_asyncrst_sign16bit:reg03|Q[5]  ; output[5]  ; key[1]     ;
; N/A   ; None         ; 6.969 ns   ; ff_asyncrst_sign16bit:reg03|Q[1]  ; output[1]  ; key[1]     ;
; N/A   ; None         ; 6.841 ns   ; ff_asyncrst_sign16bit:reg03|Q[13] ; output[13] ; key[1]     ;
; N/A   ; None         ; 6.812 ns   ; ff_asyncrst_sign16bit:reg03|Q[11] ; output[11] ; key[1]     ;
; N/A   ; None         ; 6.774 ns   ; ff_asyncrst_sign16bit:reg03|Q[8]  ; output[8]  ; key[1]     ;
; N/A   ; None         ; 6.770 ns   ; ff_asyncrst_sign16bit:reg03|Q[15] ; output[15] ; key[1]     ;
; N/A   ; None         ; 6.716 ns   ; ff_asyncrst_sign16bit:reg03|Q[0]  ; output[0]  ; key[1]     ;
; N/A   ; None         ; 6.707 ns   ; ff_asyncrst_sign16bit:reg03|Q[4]  ; output[4]  ; key[1]     ;
; N/A   ; None         ; 6.531 ns   ; ff_asyncrst_sign16bit:reg03|Q[14] ; output[14] ; key[1]     ;
; N/A   ; None         ; 6.377 ns   ; ff_asyncrst_sign16bit:reg03|Q[10] ; output[10] ; key[1]     ;
; N/A   ; None         ; 6.149 ns   ; ff_asyncrst_sign16bit:reg03|Q[7]  ; output[7]  ; key[1]     ;
; N/A   ; None         ; 6.096 ns   ; ff_asyncrst_sign16bit:reg03|Q[9]  ; output[9]  ; key[1]     ;
; N/A   ; None         ; 6.075 ns   ; ff_asyncrst_sign1bit:reg04|Q      ; carry      ; key[1]     ;
; N/A   ; None         ; 5.991 ns   ; ff_asyncrst_sign16bit:reg03|Q[6]  ; output[6]  ; key[1]     ;
+-------+--------------+------------+-----------------------------------+------------+------------+


+-------------------------------------------------------------------------------------------------+
; th                                                                                              ;
+---------------+-------------+-----------+--------+-----------------------------------+----------+
; Minimum Slack ; Required th ; Actual th ; From   ; To                                ; To Clock ;
+---------------+-------------+-----------+--------+-----------------------------------+----------+
; N/A           ; None        ; -0.130 ns ; sw[29] ; ff_asyncrst_sign16bit:reg01|Q[13] ; key[1]   ;
; N/A           ; None        ; -0.201 ns ; sw[30] ; ff_asyncrst_sign16bit:reg01|Q[14] ; key[1]   ;
; N/A           ; None        ; -3.383 ns ; sw[25] ; ff_asyncrst_sign16bit:reg01|Q[9]  ; key[1]   ;
; N/A           ; None        ; -3.386 ns ; sw[10] ; ff_asyncrst_sign16bit:reg02|Q[10] ; key[1]   ;
; N/A           ; None        ; -3.388 ns ; sw[26] ; ff_asyncrst_sign16bit:reg01|Q[10] ; key[1]   ;
; N/A           ; None        ; -3.391 ns ; sw[11] ; ff_asyncrst_sign16bit:reg02|Q[11] ; key[1]   ;
; N/A           ; None        ; -3.401 ns ; sw[8]  ; ff_asyncrst_sign16bit:reg02|Q[8]  ; key[1]   ;
; N/A           ; None        ; -3.404 ns ; sw[18] ; ff_asyncrst_sign16bit:reg01|Q[2]  ; key[1]   ;
; N/A           ; None        ; -3.482 ns ; sw[0]  ; ff_asyncrst_sign16bit:reg02|Q[0]  ; key[1]   ;
; N/A           ; None        ; -3.486 ns ; sw[23] ; ff_asyncrst_sign16bit:reg01|Q[7]  ; key[1]   ;
; N/A           ; None        ; -3.650 ns ; sw[6]  ; ff_asyncrst_sign16bit:reg02|Q[6]  ; key[1]   ;
; N/A           ; None        ; -3.659 ns ; sw[20] ; ff_asyncrst_sign16bit:reg01|Q[4]  ; key[1]   ;
; N/A           ; None        ; -3.730 ns ; sw[9]  ; ff_asyncrst_sign16bit:reg02|Q[9]  ; key[1]   ;
; N/A           ; None        ; -3.735 ns ; sw[17] ; ff_asyncrst_sign16bit:reg01|Q[1]  ; key[1]   ;
; N/A           ; None        ; -3.765 ns ; sw[21] ; ff_asyncrst_sign16bit:reg01|Q[5]  ; key[1]   ;
; N/A           ; None        ; -3.797 ns ; sw[31] ; ff_asyncrst_sign16bit:reg01|Q[15] ; key[1]   ;
; N/A           ; None        ; -3.818 ns ; sw[28] ; ff_asyncrst_sign16bit:reg01|Q[12] ; key[1]   ;
; N/A           ; None        ; -3.833 ns ; sw[2]  ; ff_asyncrst_sign16bit:reg02|Q[2]  ; key[1]   ;
; N/A           ; None        ; -3.868 ns ; sw[27] ; ff_asyncrst_sign16bit:reg01|Q[11] ; key[1]   ;
; N/A           ; None        ; -3.874 ns ; sw[1]  ; ff_asyncrst_sign16bit:reg02|Q[1]  ; key[1]   ;
; N/A           ; None        ; -3.876 ns ; sw[4]  ; ff_asyncrst_sign16bit:reg02|Q[4]  ; key[1]   ;
; N/A           ; None        ; -4.030 ns ; sw[16] ; ff_asyncrst_sign16bit:reg01|Q[0]  ; key[1]   ;
; N/A           ; None        ; -4.074 ns ; sw[12] ; ff_asyncrst_sign16bit:reg02|Q[12] ; key[1]   ;
; N/A           ; None        ; -4.134 ns ; sw[3]  ; ff_asyncrst_sign16bit:reg02|Q[3]  ; key[1]   ;
; N/A           ; None        ; -4.149 ns ; sw[19] ; ff_asyncrst_sign16bit:reg01|Q[3]  ; key[1]   ;
; N/A           ; None        ; -4.156 ns ; sw[5]  ; ff_asyncrst_sign16bit:reg02|Q[5]  ; key[1]   ;
; N/A           ; None        ; -4.159 ns ; sw[7]  ; ff_asyncrst_sign16bit:reg02|Q[7]  ; key[1]   ;
; N/A           ; None        ; -4.196 ns ; sw[15] ; ff_asyncrst_sign16bit:reg02|Q[15] ; key[1]   ;
; N/A           ; None        ; -4.207 ns ; sw[14] ; ff_asyncrst_sign16bit:reg02|Q[14] ; key[1]   ;
; N/A           ; None        ; -4.244 ns ; sw[24] ; ff_asyncrst_sign16bit:reg01|Q[8]  ; key[1]   ;
; N/A           ; None        ; -4.253 ns ; sw[13] ; ff_asyncrst_sign16bit:reg02|Q[13] ; key[1]   ;
; N/A           ; None        ; -4.385 ns ; sw[22] ; ff_asyncrst_sign16bit:reg01|Q[6]  ; key[1]   ;
+---------------+-------------+-----------+--------+-----------------------------------+----------+


+--------------------------+
; Timing Analyzer Messages ;
+--------------------------+
Info: *******************************************************************
Info: Running Quartus II Classic Timing Analyzer
    Info: Version 9.1 Build 350 03/24/2010 Service Pack 2 SJ Web Edition
    Info: Processing started: Tue Apr 05 11:17:04 2016
Info: Command: quartus_tan --read_settings_files=on --write_settings_files=off Rca_16bit -c Rca_16bit
Info: Started post-fitting delay annotation
Warning: Found 17 output pins without output pin load capacitance assignment
    Info: Pin "output[0]" has no specified output pin load capacitance -- assuming default load capacitance of 0 pF for timing analysis
    Info: Pin "output[1]" has no specified output pin load capacitance -- assuming default load capacitance of 0 pF for timing analysis
    Info: Pin "output[2]" has no specified output pin load capacitance -- assuming default load capacitance of 0 pF for timing analysis
    Info: Pin "output[3]" has no specified output pin load capacitance -- assuming default load capacitance of 0 pF for timing analysis
    Info: Pin "output[4]" has no specified output pin load capacitance -- assuming default load capacitance of 0 pF for timing analysis
    Info: Pin "output[5]" has no specified output pin load capacitance -- assuming default load capacitance of 0 pF for timing analysis
    Info: Pin "output[6]" has no specified output pin load capacitance -- assuming default load capacitance of 0 pF for timing analysis
    Info: Pin "output[7]" has no specified output pin load capacitance -- assuming default load capacitance of 0 pF for timing analysis
    Info: Pin "output[8]" has no specified output pin load capacitance -- assuming default load capacitance of 0 pF for timing analysis
    Info: Pin "output[9]" has no specified output pin load capacitance -- assuming default load capacitance of 0 pF for timing analysis
    Info: Pin "output[10]" has no specified output pin load capacitance -- assuming default load capacitance of 0 pF for timing analysis
    Info: Pin "output[11]" has no specified output pin load capacitance -- assuming default load capacitance of 0 pF for timing analysis
    Info: Pin "output[12]" has no specified output pin load capacitance -- assuming default load capacitance of 0 pF for timing analysis
    Info: Pin "output[13]" has no specified output pin load capacitance -- assuming default load capacitance of 0 pF for timing analysis
    Info: Pin "output[14]" has no specified output pin load capacitance -- assuming default load capacitance of 0 pF for timing analysis
    Info: Pin "output[15]" has no specified output pin load capacitance -- assuming default load capacitance of 0 pF for timing analysis
    Info: Pin "carry" has no specified output pin load capacitance -- assuming default load capacitance of 0 pF for timing analysis
Info: Delay annotation completed successfully
Warning: Found pins functioning as undefined clocks and/or memory enables
    Info: Assuming node "key[1]" is an undefined clock
Info: Clock "key[1]" has Internal fmax of 130.98 MHz between source register "ff_asyncrst_sign16bit:reg02|Q[0]" and destination register "ff_asyncrst_sign1bit:reg04|Q" (period= 7.635 ns)
    Info: + Longest register to register delay is 7.424 ns
        Info: 1: + IC(0.000 ns) + CELL(0.000 ns) = 0.000 ns; Loc. = LCFF_X19_Y12_N31; Fanout = 3; REG Node = 'ff_asyncrst_sign16bit:reg02|Q[0]'
        Info: 2: + IC(0.484 ns) + CELL(0.437 ns) = 0.921 ns; Loc. = LCCOMB_X19_Y12_N12; Fanout = 2; COMB Node = 'full_adder_16bit:adder|carry[2]~0'
        Info: 3: + IC(0.255 ns) + CELL(0.150 ns) = 1.326 ns; Loc. = LCCOMB_X19_Y12_N28; Fanout = 3; COMB Node = 'full_adder_16bit:adder|carry[3]~2'
        Info: 4: + IC(0.261 ns) + CELL(0.150 ns) = 1.737 ns; Loc. = LCCOMB_X19_Y12_N0; Fanout = 1; COMB Node = 'full_adder_16bit:adder|carry[5]~5'
        Info: 5: + IC(0.250 ns) + CELL(0.150 ns) = 2.137 ns; Loc. = LCCOMB_X19_Y12_N22; Fanout = 2; COMB Node = 'full_adder_16bit:adder|carry[5]~6'
        Info: 6: + IC(0.664 ns) + CELL(0.150 ns) = 2.951 ns; Loc. = LCCOMB_X21_Y12_N30; Fanout = 2; COMB Node = 'full_adder_16bit:adder|carry[6]~7'
        Info: 7: + IC(0.254 ns) + CELL(0.150 ns) = 3.355 ns; Loc. = LCCOMB_X21_Y12_N8; Fanout = 2; COMB Node = 'full_adder_16bit:adder|carry[7]~9'
        Info: 8: + IC(0.440 ns) + CELL(0.150 ns) = 3.945 ns; Loc. = LCCOMB_X21_Y12_N18; Fanout = 2; COMB Node = 'full_adder_16bit:adder|carry[8]~10'
        Info: 9: + IC(0.264 ns) + CELL(0.150 ns) = 4.359 ns; Loc. = LCCOMB_X21_Y12_N12; Fanout = 2; COMB Node = 'full_adder_16bit:adder|carry[9]~12'
        Info: 10: + IC(0.253 ns) + CELL(0.150 ns) = 4.762 ns; Loc. = LCCOMB_X21_Y12_N14; Fanout = 2; COMB Node = 'full_adder_16bit:adder|carry[10]~13'
        Info: 11: + IC(0.402 ns) + CELL(0.150 ns) = 5.314 ns; Loc. = LCCOMB_X21_Y12_N0; Fanout = 2; COMB Node = 'full_adder_16bit:adder|carry[11]~15'
        Info: 12: + IC(0.257 ns) + CELL(0.150 ns) = 5.721 ns; Loc. = LCCOMB_X21_Y12_N26; Fanout = 2; COMB Node = 'full_adder_16bit:adder|carry[12]~16'
        Info: 13: + IC(0.253 ns) + CELL(0.150 ns) = 6.124 ns; Loc. = LCCOMB_X21_Y12_N28; Fanout = 2; COMB Node = 'full_adder_16bit:adder|carry[13]~18'
        Info: 14: + IC(0.253 ns) + CELL(0.150 ns) = 6.527 ns; Loc. = LCCOMB_X21_Y12_N22; Fanout = 2; COMB Node = 'full_adder_16bit:adder|carry[14]~19'
        Info: 15: + IC(0.261 ns) + CELL(0.150 ns) = 6.938 ns; Loc. = LCCOMB_X21_Y12_N6; Fanout = 2; COMB Node = 'full_adder_16bit:adder|sum[15]~8'
        Info: 16: + IC(0.252 ns) + CELL(0.150 ns) = 7.340 ns; Loc. = LCCOMB_X21_Y12_N20; Fanout = 1; COMB Node = 'to_reg04~0'
        Info: 17: + IC(0.000 ns) + CELL(0.084 ns) = 7.424 ns; Loc. = LCFF_X21_Y12_N21; Fanout = 1; REG Node = 'ff_asyncrst_sign1bit:reg04|Q'
        Info: Total cell delay = 2.621 ns ( 35.30 % )
        Info: Total interconnect delay = 4.803 ns ( 64.70 % )
    Info: - Smallest clock skew is 0.003 ns
        Info: + Shortest clock path from clock "key[1]" to destination register is 2.375 ns
            Info: 1: + IC(0.000 ns) + CELL(0.989 ns) = 0.989 ns; Loc. = PIN_17; Fanout = 1; CLK Node = 'key[1]'
            Info: 2: + IC(0.122 ns) + CELL(0.000 ns) = 1.111 ns; Loc. = CLKCTRL_G2; Fanout = 49; COMB Node = 'key[1]~clkctrl'
            Info: 3: + IC(0.727 ns) + CELL(0.537 ns) = 2.375 ns; Loc. = LCFF_X21_Y12_N21; Fanout = 1; REG Node = 'ff_asyncrst_sign1bit:reg04|Q'
            Info: Total cell delay = 1.526 ns ( 64.25 % )
            Info: Total interconnect delay = 0.849 ns ( 35.75 % )
        Info: - Longest clock path from clock "key[1]" to source register is 2.372 ns
            Info: 1: + IC(0.000 ns) + CELL(0.989 ns) = 0.989 ns; Loc. = PIN_17; Fanout = 1; CLK Node = 'key[1]'
            Info: 2: + IC(0.122 ns) + CELL(0.000 ns) = 1.111 ns; Loc. = CLKCTRL_G2; Fanout = 49; COMB Node = 'key[1]~clkctrl'
            Info: 3: + IC(0.724 ns) + CELL(0.537 ns) = 2.372 ns; Loc. = LCFF_X19_Y12_N31; Fanout = 3; REG Node = 'ff_asyncrst_sign16bit:reg02|Q[0]'
            Info: Total cell delay = 1.526 ns ( 64.33 % )
            Info: Total interconnect delay = 0.846 ns ( 35.67 % )
    Info: + Micro clock to output delay of source is 0.250 ns
    Info: + Micro setup delay of destination is -0.036 ns
Info: tsu for register "ff_asyncrst_sign16bit:reg01|Q[6]" (data pin = "sw[22]", clock pin = "key[1]") is 4.615 ns
    Info: + Longest pin to register delay is 7.026 ns
        Info: 1: + IC(0.000 ns) + CELL(0.850 ns) = 0.850 ns; Loc. = PIN_135; Fanout = 1; PIN Node = 'sw[22]'
        Info: 2: + IC(5.810 ns) + CELL(0.366 ns) = 7.026 ns; Loc. = LCFF_X21_Y12_N9; Fanout = 3; REG Node = 'ff_asyncrst_sign16bit:reg01|Q[6]'
        Info: Total cell delay = 1.216 ns ( 17.31 % )
        Info: Total interconnect delay = 5.810 ns ( 82.69 % )
    Info: + Micro setup delay of destination is -0.036 ns
    Info: - Shortest clock path from clock "key[1]" to destination register is 2.375 ns
        Info: 1: + IC(0.000 ns) + CELL(0.989 ns) = 0.989 ns; Loc. = PIN_17; Fanout = 1; CLK Node = 'key[1]'
        Info: 2: + IC(0.122 ns) + CELL(0.000 ns) = 1.111 ns; Loc. = CLKCTRL_G2; Fanout = 49; COMB Node = 'key[1]~clkctrl'
        Info: 3: + IC(0.727 ns) + CELL(0.537 ns) = 2.375 ns; Loc. = LCFF_X21_Y12_N9; Fanout = 3; REG Node = 'ff_asyncrst_sign16bit:reg01|Q[6]'
        Info: Total cell delay = 1.526 ns ( 64.25 % )
        Info: Total interconnect delay = 0.849 ns ( 35.75 % )
Info: tco from clock "key[1]" to destination pin "output[2]" through register "ff_asyncrst_sign16bit:reg03|Q[2]" is 7.372 ns
    Info: + Longest clock path from clock "key[1]" to source register is 2.372 ns
        Info: 1: + IC(0.000 ns) + CELL(0.989 ns) = 0.989 ns; Loc. = PIN_17; Fanout = 1; CLK Node = 'key[1]'
        Info: 2: + IC(0.122 ns) + CELL(0.000 ns) = 1.111 ns; Loc. = CLKCTRL_G2; Fanout = 49; COMB Node = 'key[1]~clkctrl'
        Info: 3: + IC(0.724 ns) + CELL(0.537 ns) = 2.372 ns; Loc. = LCFF_X19_Y12_N21; Fanout = 1; REG Node = 'ff_asyncrst_sign16bit:reg03|Q[2]'
        Info: Total cell delay = 1.526 ns ( 64.33 % )
        Info: Total interconnect delay = 0.846 ns ( 35.67 % )
    Info: + Micro clock to output delay of source is 0.250 ns
    Info: + Longest register to pin delay is 4.750 ns
        Info: 1: + IC(0.000 ns) + CELL(0.000 ns) = 0.000 ns; Loc. = LCFF_X19_Y12_N21; Fanout = 1; REG Node = 'ff_asyncrst_sign16bit:reg03|Q[2]'
        Info: 2: + IC(2.088 ns) + CELL(2.662 ns) = 4.750 ns; Loc. = PIN_74; Fanout = 0; PIN Node = 'output[2]'
        Info: Total cell delay = 2.662 ns ( 56.04 % )
        Info: Total interconnect delay = 2.088 ns ( 43.96 % )
Info: th for register "ff_asyncrst_sign16bit:reg01|Q[13]" (data pin = "sw[29]", clock pin = "key[1]") is -0.130 ns
    Info: + Longest clock path from clock "key[1]" to destination register is 2.376 ns
        Info: 1: + IC(0.000 ns) + CELL(0.989 ns) = 0.989 ns; Loc. = PIN_17; Fanout = 1; CLK Node = 'key[1]'
        Info: 2: + IC(0.122 ns) + CELL(0.000 ns) = 1.111 ns; Loc. = CLKCTRL_G2; Fanout = 49; COMB Node = 'key[1]~clkctrl'
        Info: 3: + IC(0.728 ns) + CELL(0.537 ns) = 2.376 ns; Loc. = LCFF_X22_Y12_N15; Fanout = 2; REG Node = 'ff_asyncrst_sign16bit:reg01|Q[13]'
        Info: Total cell delay = 1.526 ns ( 64.23 % )
        Info: Total interconnect delay = 0.850 ns ( 35.77 % )
    Info: + Micro hold delay of destination is 0.266 ns
    Info: - Shortest pin to register delay is 2.772 ns
        Info: 1: + IC(0.000 ns) + CELL(0.989 ns) = 0.989 ns; Loc. = PIN_21; Fanout = 1; PIN Node = 'sw[29]'
        Info: 2: + IC(1.417 ns) + CELL(0.366 ns) = 2.772 ns; Loc. = LCFF_X22_Y12_N15; Fanout = 2; REG Node = 'ff_asyncrst_sign16bit:reg01|Q[13]'
        Info: Total cell delay = 1.355 ns ( 48.88 % )
        Info: Total interconnect delay = 1.417 ns ( 51.12 % )
Info: Quartus II Classic Timing Analyzer was successful. 0 errors, 2 warnings
    Info: Peak virtual memory: 209 megabytes
    Info: Processing ended: Tue Apr 05 11:17:05 2016
    Info: Elapsed time: 00:00:01
    Info: Total CPU time (on all processors): 00:00:01


