Classic Timing Analyzer report for Cba_16bit
Tue Apr 05 12:03:53 2016
Quartus II Version 9.1 Build 350 03/24/2010 Service Pack 2 SJ Web Edition


---------------------
; Table of Contents ;
---------------------
  1. Legal Notice
  2. Timing Analyzer Summary
  3. Timing Analyzer Settings
  4. Clock Settings Summary
  5. Parallel Compilation
  6. Clock Setup: 'key[1]'
  7. tsu
  8. tco
  9. th
 10. Timing Analyzer Messages



----------------
; Legal Notice ;
----------------
Copyright (C) 1991-2010 Altera Corporation
Your use of Altera Corporation's design tools, logic functions 
and other software and tools, and its AMPP partner logic 
functions, and any output files from any of the foregoing 
(including device programming or simulation files), and any 
associated documentation or information are expressly subject 
to the terms and conditions of the Altera Program License 
Subscription Agreement, Altera MegaCore Function License 
Agreement, or other applicable license agreement, including, 
without limitation, that your use is for the sole purpose of 
programming logic devices manufactured by Altera and sold by 
Altera or its authorized distributors.  Please refer to the 
applicable agreement for further details.



+-------------------------------------------------------------------------------------------------------------------------------------------------------------------------------------------------------+
; Timing Analyzer Summary                                                                                                                                                                               ;
+------------------------------+-------+---------------+----------------------------------+-----------------------------------+----------------------------------+------------+----------+--------------+
; Type                         ; Slack ; Required Time ; Actual Time                      ; From                              ; To                               ; From Clock ; To Clock ; Failed Paths ;
+------------------------------+-------+---------------+----------------------------------+-----------------------------------+----------------------------------+------------+----------+--------------+
; Worst-case tsu               ; N/A   ; None          ; 4.026 ns                         ; sw[3]                             ; ff_asyncrst_sign16bit:reg02|Q[3] ; --         ; key[1]   ; 0            ;
; Worst-case tco               ; N/A   ; None          ; 8.861 ns                         ; ff_asyncrst_sign16bit:reg03|Q[12] ; output[12]                       ; key[1]     ; --       ; 0            ;
; Worst-case th                ; N/A   ; None          ; 0.089 ns                         ; sw[16]                            ; ff_asyncrst_sign16bit:reg01|Q[0] ; --         ; key[1]   ; 0            ;
; Clock Setup: 'key[1]'        ; N/A   ; None          ; 136.89 MHz ( period = 7.305 ns ) ; ff_asyncrst_sign16bit:reg02|Q[1]  ; ff_asyncrst_sign1bit:reg04|Q     ; key[1]     ; key[1]   ; 0            ;
; Total number of failed paths ;       ;               ;                                  ;                                   ;                                  ;            ;          ; 0            ;
+------------------------------+-------+---------------+----------------------------------+-----------------------------------+----------------------------------+------------+----------+--------------+


+-----------------------------------------------------------------------------------------------------------------------------------------------------+
; Timing Analyzer Settings                                                                                                                            ;
+------------------------------------------------------------------------------------------------------+--------------------+------+----+-------------+
; Option                                                                                               ; Setting            ; From ; To ; Entity Name ;
+------------------------------------------------------------------------------------------------------+--------------------+------+----+-------------+
; Device Name                                                                                          ; EP2C35F672C6       ;      ;    ;             ;
; Timing Models                                                                                        ; Final              ;      ;    ;             ;
; Default hold multicycle                                                                              ; Same as Multicycle ;      ;    ;             ;
; Cut paths between unrelated clock domains                                                            ; On                 ;      ;    ;             ;
; Cut off read during write signal paths                                                               ; On                 ;      ;    ;             ;
; Cut off feedback from I/O pins                                                                       ; On                 ;      ;    ;             ;
; Report Combined Fast/Slow Timing                                                                     ; Off                ;      ;    ;             ;
; Ignore Clock Settings                                                                                ; Off                ;      ;    ;             ;
; Analyze latches as synchronous elements                                                              ; On                 ;      ;    ;             ;
; Enable Recovery/Removal analysis                                                                     ; Off                ;      ;    ;             ;
; Enable Clock Latency                                                                                 ; Off                ;      ;    ;             ;
; Use TimeQuest Timing Analyzer                                                                        ; Off                ;      ;    ;             ;
; Minimum Core Junction Temperature                                                                    ; 0                  ;      ;    ;             ;
; Maximum Core Junction Temperature                                                                    ; 85                 ;      ;    ;             ;
; Number of source nodes to report per destination node                                                ; 10                 ;      ;    ;             ;
; Number of destination nodes to report                                                                ; 10                 ;      ;    ;             ;
; Number of paths to report                                                                            ; 200                ;      ;    ;             ;
; Report Minimum Timing Checks                                                                         ; Off                ;      ;    ;             ;
; Use Fast Timing Models                                                                               ; Off                ;      ;    ;             ;
; Report IO Paths Separately                                                                           ; Off                ;      ;    ;             ;
; Perform Multicorner Analysis                                                                         ; On                 ;      ;    ;             ;
; Reports the worst-case path for each clock domain and analysis                                       ; Off                ;      ;    ;             ;
; Reports worst-case timing paths for each clock domain and analysis                                   ; On                 ;      ;    ;             ;
; Specifies the maximum number of worst-case timing paths to report for each clock domain and analysis ; 100                ;      ;    ;             ;
; Removes common clock path pessimism (CCPP) during slack computation                                  ; Off                ;      ;    ;             ;
; Output I/O Timing Endpoint                                                                           ; Near End           ;      ;    ;             ;
+------------------------------------------------------------------------------------------------------+--------------------+------+----+-------------+


+------------------------------------------------------------------------------------------------------------------------------------------------------------------------------------+
; Clock Settings Summary                                                                                                                                                             ;
+-----------------+--------------------+----------+------------------+---------------+--------------+----------+-----------------------+---------------------+--------+--------------+
; Clock Node Name ; Clock Setting Name ; Type     ; Fmax Requirement ; Early Latency ; Late Latency ; Based on ; Multiply Base Fmax by ; Divide Base Fmax by ; Offset ; Phase offset ;
+-----------------+--------------------+----------+------------------+---------------+--------------+----------+-----------------------+---------------------+--------+--------------+
; key[1]          ;                    ; User Pin ; None             ; 0.000 ns      ; 0.000 ns     ; --       ; N/A                   ; N/A                 ; N/A    ;              ;
+-----------------+--------------------+----------+------------------+---------------+--------------+----------+-----------------------+---------------------+--------+--------------+


Parallel compilation was disabled, but you have multiple processors available. Enable parallel compilation to reduce compilation time.
+-------------------------------------+
; Parallel Compilation                ;
+----------------------------+--------+
; Processors                 ; Number ;
+----------------------------+--------+
; Number detected on machine ; 2      ;
; Maximum allowed            ; 1      ;
+----------------------------+--------+


+-----------------------------------------------------------------------------------------------------------------------------------------------------------------------------------------------------------------------------------------------------------------------------------+
; Clock Setup: 'key[1]'                                                                                                                                                                                                                                                             ;
+-----------------------------------------+-----------------------------------------------------+-----------------------------------+-----------------------------------+------------+----------+-----------------------------+---------------------------+-------------------------+
; Slack                                   ; Actual fmax (period)                                ; From                              ; To                                ; From Clock ; To Clock ; Required Setup Relationship ; Required Longest P2P Time ; Actual Longest P2P Time ;
+-----------------------------------------+-----------------------------------------------------+-----------------------------------+-----------------------------------+------------+----------+-----------------------------+---------------------------+-------------------------+
; N/A                                     ; 136.89 MHz ( period = 7.305 ns )                    ; ff_asyncrst_sign16bit:reg02|Q[1]  ; ff_asyncrst_sign1bit:reg04|Q      ; key[1]     ; key[1]   ; None                        ; None                      ; 7.092 ns                ;
; N/A                                     ; 136.91 MHz ( period = 7.304 ns )                    ; ff_asyncrst_sign16bit:reg02|Q[1]  ; ff_asyncrst_sign16bit:reg03|Q[15] ; key[1]     ; key[1]   ; None                        ; None                      ; 7.091 ns                ;
; N/A                                     ; 141.20 MHz ( period = 7.082 ns )                    ; ff_asyncrst_sign16bit:reg01|Q[0]  ; ff_asyncrst_sign1bit:reg04|Q      ; key[1]     ; key[1]   ; None                        ; None                      ; 6.869 ns                ;
; N/A                                     ; 141.22 MHz ( period = 7.081 ns )                    ; ff_asyncrst_sign16bit:reg01|Q[0]  ; ff_asyncrst_sign16bit:reg03|Q[15] ; key[1]     ; key[1]   ; None                        ; None                      ; 6.868 ns                ;
; N/A                                     ; 141.42 MHz ( period = 7.071 ns )                    ; ff_asyncrst_sign16bit:reg02|Q[2]  ; ff_asyncrst_sign1bit:reg04|Q      ; key[1]     ; key[1]   ; None                        ; None                      ; 6.858 ns                ;
; N/A                                     ; 141.44 MHz ( period = 7.070 ns )                    ; ff_asyncrst_sign16bit:reg02|Q[2]  ; ff_asyncrst_sign16bit:reg03|Q[15] ; key[1]     ; key[1]   ; None                        ; None                      ; 6.857 ns                ;
; N/A                                     ; 143.68 MHz ( period = 6.960 ns )                    ; ff_asyncrst_sign16bit:reg01|Q[2]  ; ff_asyncrst_sign1bit:reg04|Q      ; key[1]     ; key[1]   ; None                        ; None                      ; 6.747 ns                ;
; N/A                                     ; 143.70 MHz ( period = 6.959 ns )                    ; ff_asyncrst_sign16bit:reg01|Q[2]  ; ff_asyncrst_sign16bit:reg03|Q[15] ; key[1]     ; key[1]   ; None                        ; None                      ; 6.746 ns                ;
; N/A                                     ; 143.82 MHz ( period = 6.953 ns )                    ; ff_asyncrst_sign16bit:reg01|Q[1]  ; ff_asyncrst_sign1bit:reg04|Q      ; key[1]     ; key[1]   ; None                        ; None                      ; 6.740 ns                ;
; N/A                                     ; 143.84 MHz ( period = 6.952 ns )                    ; ff_asyncrst_sign16bit:reg01|Q[1]  ; ff_asyncrst_sign16bit:reg03|Q[15] ; key[1]     ; key[1]   ; None                        ; None                      ; 6.739 ns                ;
; N/A                                     ; 144.93 MHz ( period = 6.900 ns )                    ; ff_asyncrst_sign16bit:reg02|Q[1]  ; ff_asyncrst_sign16bit:reg03|Q[14] ; key[1]     ; key[1]   ; None                        ; None                      ; 6.687 ns                ;
; N/A                                     ; 146.91 MHz ( period = 6.807 ns )                    ; ff_asyncrst_sign16bit:reg02|Q[0]  ; ff_asyncrst_sign1bit:reg04|Q      ; key[1]     ; key[1]   ; None                        ; None                      ; 6.594 ns                ;
; N/A                                     ; 146.93 MHz ( period = 6.806 ns )                    ; ff_asyncrst_sign16bit:reg02|Q[0]  ; ff_asyncrst_sign16bit:reg03|Q[15] ; key[1]     ; key[1]   ; None                        ; None                      ; 6.593 ns                ;
; N/A                                     ; 149.77 MHz ( period = 6.677 ns )                    ; ff_asyncrst_sign16bit:reg01|Q[0]  ; ff_asyncrst_sign16bit:reg03|Q[14] ; key[1]     ; key[1]   ; None                        ; None                      ; 6.464 ns                ;
; N/A                                     ; 150.02 MHz ( period = 6.666 ns )                    ; ff_asyncrst_sign16bit:reg02|Q[2]  ; ff_asyncrst_sign16bit:reg03|Q[14] ; key[1]     ; key[1]   ; None                        ; None                      ; 6.453 ns                ;
; N/A                                     ; 152.56 MHz ( period = 6.555 ns )                    ; ff_asyncrst_sign16bit:reg01|Q[2]  ; ff_asyncrst_sign16bit:reg03|Q[14] ; key[1]     ; key[1]   ; None                        ; None                      ; 6.342 ns                ;
; N/A                                     ; 152.72 MHz ( period = 6.548 ns )                    ; ff_asyncrst_sign16bit:reg01|Q[1]  ; ff_asyncrst_sign16bit:reg03|Q[14] ; key[1]     ; key[1]   ; None                        ; None                      ; 6.335 ns                ;
; N/A                                     ; 153.66 MHz ( period = 6.508 ns )                    ; ff_asyncrst_sign16bit:reg01|Q[4]  ; ff_asyncrst_sign1bit:reg04|Q      ; key[1]     ; key[1]   ; None                        ; None                      ; 6.295 ns                ;
; N/A                                     ; 153.68 MHz ( period = 6.507 ns )                    ; ff_asyncrst_sign16bit:reg01|Q[4]  ; ff_asyncrst_sign16bit:reg03|Q[15] ; key[1]     ; key[1]   ; None                        ; None                      ; 6.294 ns                ;
; N/A                                     ; 153.94 MHz ( period = 6.496 ns )                    ; ff_asyncrst_sign16bit:reg02|Q[1]  ; ff_asyncrst_sign16bit:reg03|Q[13] ; key[1]     ; key[1]   ; None                        ; None                      ; 6.283 ns                ;
; N/A                                     ; 154.04 MHz ( period = 6.492 ns )                    ; ff_asyncrst_sign16bit:reg02|Q[1]  ; ff_asyncrst_sign16bit:reg03|Q[12] ; key[1]     ; key[1]   ; None                        ; None                      ; 6.280 ns                ;
; N/A                                     ; 154.23 MHz ( period = 6.484 ns )                    ; ff_asyncrst_sign16bit:reg02|Q[3]  ; ff_asyncrst_sign1bit:reg04|Q      ; key[1]     ; key[1]   ; None                        ; None                      ; 6.271 ns                ;
; N/A                                     ; 154.25 MHz ( period = 6.483 ns )                    ; ff_asyncrst_sign16bit:reg02|Q[3]  ; ff_asyncrst_sign16bit:reg03|Q[15] ; key[1]     ; key[1]   ; None                        ; None                      ; 6.270 ns                ;
; N/A                                     ; 156.20 MHz ( period = 6.402 ns )                    ; ff_asyncrst_sign16bit:reg02|Q[0]  ; ff_asyncrst_sign16bit:reg03|Q[14] ; key[1]     ; key[1]   ; None                        ; None                      ; 6.189 ns                ;
; N/A                                     ; 159.41 MHz ( period = 6.273 ns )                    ; ff_asyncrst_sign16bit:reg01|Q[0]  ; ff_asyncrst_sign16bit:reg03|Q[13] ; key[1]     ; key[1]   ; None                        ; None                      ; 6.060 ns                ;
; N/A                                     ; 159.52 MHz ( period = 6.269 ns )                    ; ff_asyncrst_sign16bit:reg01|Q[0]  ; ff_asyncrst_sign16bit:reg03|Q[12] ; key[1]     ; key[1]   ; None                        ; None                      ; 6.057 ns                ;
; N/A                                     ; 159.69 MHz ( period = 6.262 ns )                    ; ff_asyncrst_sign16bit:reg02|Q[2]  ; ff_asyncrst_sign16bit:reg03|Q[13] ; key[1]     ; key[1]   ; None                        ; None                      ; 6.049 ns                ;
; N/A                                     ; 159.80 MHz ( period = 6.258 ns )                    ; ff_asyncrst_sign16bit:reg02|Q[2]  ; ff_asyncrst_sign16bit:reg03|Q[12] ; key[1]     ; key[1]   ; None                        ; None                      ; 6.046 ns                ;
; N/A                                     ; 160.33 MHz ( period = 6.237 ns )                    ; ff_asyncrst_sign16bit:reg02|Q[4]  ; ff_asyncrst_sign1bit:reg04|Q      ; key[1]     ; key[1]   ; None                        ; None                      ; 6.024 ns                ;
; N/A                                     ; 160.36 MHz ( period = 6.236 ns )                    ; ff_asyncrst_sign16bit:reg02|Q[4]  ; ff_asyncrst_sign16bit:reg03|Q[15] ; key[1]     ; key[1]   ; None                        ; None                      ; 6.023 ns                ;
; N/A                                     ; 162.58 MHz ( period = 6.151 ns )                    ; ff_asyncrst_sign16bit:reg01|Q[2]  ; ff_asyncrst_sign16bit:reg03|Q[13] ; key[1]     ; key[1]   ; None                        ; None                      ; 5.938 ns                ;
; N/A                                     ; 162.68 MHz ( period = 6.147 ns )                    ; ff_asyncrst_sign16bit:reg01|Q[2]  ; ff_asyncrst_sign16bit:reg03|Q[12] ; key[1]     ; key[1]   ; None                        ; None                      ; 5.935 ns                ;
; N/A                                     ; 162.76 MHz ( period = 6.144 ns )                    ; ff_asyncrst_sign16bit:reg01|Q[1]  ; ff_asyncrst_sign16bit:reg03|Q[13] ; key[1]     ; key[1]   ; None                        ; None                      ; 5.931 ns                ;
; N/A                                     ; 162.79 MHz ( period = 6.143 ns )                    ; ff_asyncrst_sign16bit:reg02|Q[1]  ; ff_asyncrst_sign16bit:reg03|Q[11] ; key[1]     ; key[1]   ; None                        ; None                      ; 5.930 ns                ;
; N/A                                     ; 162.87 MHz ( period = 6.140 ns )                    ; ff_asyncrst_sign16bit:reg01|Q[1]  ; ff_asyncrst_sign16bit:reg03|Q[12] ; key[1]     ; key[1]   ; None                        ; None                      ; 5.928 ns                ;
; N/A                                     ; 163.85 MHz ( period = 6.103 ns )                    ; ff_asyncrst_sign16bit:reg01|Q[4]  ; ff_asyncrst_sign16bit:reg03|Q[14] ; key[1]     ; key[1]   ; None                        ; None                      ; 5.890 ns                ;
; N/A                                     ; 164.50 MHz ( period = 6.079 ns )                    ; ff_asyncrst_sign16bit:reg02|Q[3]  ; ff_asyncrst_sign16bit:reg03|Q[14] ; key[1]     ; key[1]   ; None                        ; None                      ; 5.866 ns                ;
; N/A                                     ; 164.53 MHz ( period = 6.078 ns )                    ; ff_asyncrst_sign16bit:reg02|Q[6]  ; ff_asyncrst_sign1bit:reg04|Q      ; key[1]     ; key[1]   ; None                        ; None                      ; 5.865 ns                ;
; N/A                                     ; 164.55 MHz ( period = 6.077 ns )                    ; ff_asyncrst_sign16bit:reg02|Q[6]  ; ff_asyncrst_sign16bit:reg03|Q[15] ; key[1]     ; key[1]   ; None                        ; None                      ; 5.864 ns                ;
; N/A                                     ; 166.72 MHz ( period = 5.998 ns )                    ; ff_asyncrst_sign16bit:reg02|Q[0]  ; ff_asyncrst_sign16bit:reg03|Q[13] ; key[1]     ; key[1]   ; None                        ; None                      ; 5.785 ns                ;
; N/A                                     ; 166.83 MHz ( period = 5.994 ns )                    ; ff_asyncrst_sign16bit:reg02|Q[0]  ; ff_asyncrst_sign16bit:reg03|Q[12] ; key[1]     ; key[1]   ; None                        ; None                      ; 5.782 ns                ;
; N/A                                     ; 168.92 MHz ( period = 5.920 ns )                    ; ff_asyncrst_sign16bit:reg01|Q[0]  ; ff_asyncrst_sign16bit:reg03|Q[11] ; key[1]     ; key[1]   ; None                        ; None                      ; 5.707 ns                ;
; N/A                                     ; 169.23 MHz ( period = 5.909 ns )                    ; ff_asyncrst_sign16bit:reg02|Q[2]  ; ff_asyncrst_sign16bit:reg03|Q[11] ; key[1]     ; key[1]   ; None                        ; None                      ; 5.696 ns                ;
; N/A                                     ; 170.21 MHz ( period = 5.875 ns )                    ; ff_asyncrst_sign16bit:reg01|Q[6]  ; ff_asyncrst_sign1bit:reg04|Q      ; key[1]     ; key[1]   ; None                        ; None                      ; 5.661 ns                ;
; N/A                                     ; 170.24 MHz ( period = 5.874 ns )                    ; ff_asyncrst_sign16bit:reg01|Q[6]  ; ff_asyncrst_sign16bit:reg03|Q[15] ; key[1]     ; key[1]   ; None                        ; None                      ; 5.660 ns                ;
; N/A                                     ; 170.85 MHz ( period = 5.853 ns )                    ; ff_asyncrst_sign16bit:reg01|Q[3]  ; ff_asyncrst_sign1bit:reg04|Q      ; key[1]     ; key[1]   ; None                        ; None                      ; 5.640 ns                ;
; N/A                                     ; 170.88 MHz ( period = 5.852 ns )                    ; ff_asyncrst_sign16bit:reg01|Q[3]  ; ff_asyncrst_sign16bit:reg03|Q[15] ; key[1]     ; key[1]   ; None                        ; None                      ; 5.639 ns                ;
; N/A                                     ; 171.47 MHz ( period = 5.832 ns )                    ; ff_asyncrst_sign16bit:reg02|Q[4]  ; ff_asyncrst_sign16bit:reg03|Q[14] ; key[1]     ; key[1]   ; None                        ; None                      ; 5.619 ns                ;
; N/A                                     ; 171.61 MHz ( period = 5.827 ns )                    ; ff_asyncrst_sign16bit:reg02|Q[7]  ; ff_asyncrst_sign1bit:reg04|Q      ; key[1]     ; key[1]   ; None                        ; None                      ; 5.613 ns                ;
; N/A                                     ; 171.64 MHz ( period = 5.826 ns )                    ; ff_asyncrst_sign16bit:reg02|Q[7]  ; ff_asyncrst_sign16bit:reg03|Q[15] ; key[1]     ; key[1]   ; None                        ; None                      ; 5.612 ns                ;
; N/A                                     ; 172.47 MHz ( period = 5.798 ns )                    ; ff_asyncrst_sign16bit:reg01|Q[2]  ; ff_asyncrst_sign16bit:reg03|Q[11] ; key[1]     ; key[1]   ; None                        ; None                      ; 5.585 ns                ;
; N/A                                     ; 172.68 MHz ( period = 5.791 ns )                    ; ff_asyncrst_sign16bit:reg01|Q[1]  ; ff_asyncrst_sign16bit:reg03|Q[11] ; key[1]     ; key[1]   ; None                        ; None                      ; 5.578 ns                ;
; N/A                                     ; 173.31 MHz ( period = 5.770 ns )                    ; ff_asyncrst_sign16bit:reg01|Q[7]  ; ff_asyncrst_sign1bit:reg04|Q      ; key[1]     ; key[1]   ; None                        ; None                      ; 5.557 ns                ;
; N/A                                     ; 173.34 MHz ( period = 5.769 ns )                    ; ff_asyncrst_sign16bit:reg01|Q[7]  ; ff_asyncrst_sign16bit:reg03|Q[15] ; key[1]     ; key[1]   ; None                        ; None                      ; 5.556 ns                ;
; N/A                                     ; 175.47 MHz ( period = 5.699 ns )                    ; ff_asyncrst_sign16bit:reg01|Q[4]  ; ff_asyncrst_sign16bit:reg03|Q[13] ; key[1]     ; key[1]   ; None                        ; None                      ; 5.486 ns                ;
; N/A                                     ; 175.53 MHz ( period = 5.697 ns )                    ; ff_asyncrst_sign16bit:reg01|Q[5]  ; ff_asyncrst_sign1bit:reg04|Q      ; key[1]     ; key[1]   ; None                        ; None                      ; 5.484 ns                ;
; N/A                                     ; 175.56 MHz ( period = 5.696 ns )                    ; ff_asyncrst_sign16bit:reg01|Q[5]  ; ff_asyncrst_sign16bit:reg03|Q[15] ; key[1]     ; key[1]   ; None                        ; None                      ; 5.483 ns                ;
; N/A                                     ; 175.59 MHz ( period = 5.695 ns )                    ; ff_asyncrst_sign16bit:reg01|Q[4]  ; ff_asyncrst_sign16bit:reg03|Q[12] ; key[1]     ; key[1]   ; None                        ; None                      ; 5.483 ns                ;
; N/A                                     ; 176.21 MHz ( period = 5.675 ns )                    ; ff_asyncrst_sign16bit:reg02|Q[3]  ; ff_asyncrst_sign16bit:reg03|Q[13] ; key[1]     ; key[1]   ; None                        ; None                      ; 5.462 ns                ;
; N/A                                     ; 176.27 MHz ( period = 5.673 ns )                    ; ff_asyncrst_sign16bit:reg02|Q[6]  ; ff_asyncrst_sign16bit:reg03|Q[14] ; key[1]     ; key[1]   ; None                        ; None                      ; 5.460 ns                ;
; N/A                                     ; 176.34 MHz ( period = 5.671 ns )                    ; ff_asyncrst_sign16bit:reg02|Q[3]  ; ff_asyncrst_sign16bit:reg03|Q[12] ; key[1]     ; key[1]   ; None                        ; None                      ; 5.459 ns                ;
; N/A                                     ; 177.15 MHz ( period = 5.645 ns )                    ; ff_asyncrst_sign16bit:reg02|Q[0]  ; ff_asyncrst_sign16bit:reg03|Q[11] ; key[1]     ; key[1]   ; None                        ; None                      ; 5.432 ns                ;
; N/A                                     ; 178.03 MHz ( period = 5.617 ns )                    ; ff_asyncrst_sign16bit:reg02|Q[5]  ; ff_asyncrst_sign1bit:reg04|Q      ; key[1]     ; key[1]   ; None                        ; None                      ; 5.404 ns                ;
; N/A                                     ; 178.06 MHz ( period = 5.616 ns )                    ; ff_asyncrst_sign16bit:reg02|Q[5]  ; ff_asyncrst_sign16bit:reg03|Q[15] ; key[1]     ; key[1]   ; None                        ; None                      ; 5.403 ns                ;
; N/A                                     ; 182.82 MHz ( period = 5.470 ns )                    ; ff_asyncrst_sign16bit:reg01|Q[6]  ; ff_asyncrst_sign16bit:reg03|Q[14] ; key[1]     ; key[1]   ; None                        ; None                      ; 5.256 ns                ;
; N/A                                     ; 183.55 MHz ( period = 5.448 ns )                    ; ff_asyncrst_sign16bit:reg01|Q[3]  ; ff_asyncrst_sign16bit:reg03|Q[14] ; key[1]     ; key[1]   ; None                        ; None                      ; 5.235 ns                ;
; N/A                                     ; 184.23 MHz ( period = 5.428 ns )                    ; ff_asyncrst_sign16bit:reg02|Q[4]  ; ff_asyncrst_sign16bit:reg03|Q[13] ; key[1]     ; key[1]   ; None                        ; None                      ; 5.215 ns                ;
; N/A                                     ; 184.37 MHz ( period = 5.424 ns )                    ; ff_asyncrst_sign16bit:reg02|Q[4]  ; ff_asyncrst_sign16bit:reg03|Q[12] ; key[1]     ; key[1]   ; None                        ; None                      ; 5.212 ns                ;
; N/A                                     ; 184.43 MHz ( period = 5.422 ns )                    ; ff_asyncrst_sign16bit:reg02|Q[7]  ; ff_asyncrst_sign16bit:reg03|Q[14] ; key[1]     ; key[1]   ; None                        ; None                      ; 5.208 ns                ;
; N/A                                     ; 186.39 MHz ( period = 5.365 ns )                    ; ff_asyncrst_sign16bit:reg01|Q[7]  ; ff_asyncrst_sign16bit:reg03|Q[14] ; key[1]     ; key[1]   ; None                        ; None                      ; 5.152 ns                ;
; N/A                                     ; 187.06 MHz ( period = 5.346 ns )                    ; ff_asyncrst_sign16bit:reg01|Q[4]  ; ff_asyncrst_sign16bit:reg03|Q[11] ; key[1]     ; key[1]   ; None                        ; None                      ; 5.133 ns                ;
; N/A                                     ; 187.90 MHz ( period = 5.322 ns )                    ; ff_asyncrst_sign16bit:reg02|Q[3]  ; ff_asyncrst_sign16bit:reg03|Q[11] ; key[1]     ; key[1]   ; None                        ; None                      ; 5.109 ns                ;
; N/A                                     ; 188.75 MHz ( period = 5.298 ns )                    ; ff_asyncrst_sign16bit:reg02|Q[1]  ; ff_asyncrst_sign16bit:reg03|Q[9]  ; key[1]     ; key[1]   ; None                        ; None                      ; 5.085 ns                ;
; N/A                                     ; 188.96 MHz ( period = 5.292 ns )                    ; ff_asyncrst_sign16bit:reg01|Q[5]  ; ff_asyncrst_sign16bit:reg03|Q[14] ; key[1]     ; key[1]   ; None                        ; None                      ; 5.079 ns                ;
; N/A                                     ; 189.36 MHz ( period = 5.281 ns )                    ; ff_asyncrst_sign16bit:reg02|Q[1]  ; ff_asyncrst_sign16bit:reg03|Q[10] ; key[1]     ; key[1]   ; None                        ; None                      ; 5.068 ns                ;
; N/A                                     ; 189.79 MHz ( period = 5.269 ns )                    ; ff_asyncrst_sign16bit:reg02|Q[6]  ; ff_asyncrst_sign16bit:reg03|Q[13] ; key[1]     ; key[1]   ; None                        ; None                      ; 5.056 ns                ;
; N/A                                     ; 189.93 MHz ( period = 5.265 ns )                    ; ff_asyncrst_sign16bit:reg02|Q[6]  ; ff_asyncrst_sign16bit:reg03|Q[12] ; key[1]     ; key[1]   ; None                        ; None                      ; 5.053 ns                ;
; N/A                                     ; 191.86 MHz ( period = 5.212 ns )                    ; ff_asyncrst_sign16bit:reg02|Q[5]  ; ff_asyncrst_sign16bit:reg03|Q[14] ; key[1]     ; key[1]   ; None                        ; None                      ; 4.999 ns                ;
; N/A                                     ; 195.47 MHz ( period = 5.116 ns )                    ; ff_asyncrst_sign16bit:reg01|Q[8]  ; ff_asyncrst_sign1bit:reg04|Q      ; key[1]     ; key[1]   ; None                        ; None                      ; 4.902 ns                ;
; N/A                                     ; 195.50 MHz ( period = 5.115 ns )                    ; ff_asyncrst_sign16bit:reg01|Q[8]  ; ff_asyncrst_sign16bit:reg03|Q[15] ; key[1]     ; key[1]   ; None                        ; None                      ; 4.901 ns                ;
; N/A                                     ; 197.04 MHz ( period = 5.075 ns )                    ; ff_asyncrst_sign16bit:reg01|Q[0]  ; ff_asyncrst_sign16bit:reg03|Q[9]  ; key[1]     ; key[1]   ; None                        ; None                      ; 4.862 ns                ;
; N/A                                     ; 197.04 MHz ( period = 5.075 ns )                    ; ff_asyncrst_sign16bit:reg02|Q[4]  ; ff_asyncrst_sign16bit:reg03|Q[11] ; key[1]     ; key[1]   ; None                        ; None                      ; 4.862 ns                ;
; N/A                                     ; 197.39 MHz ( period = 5.066 ns )                    ; ff_asyncrst_sign16bit:reg01|Q[6]  ; ff_asyncrst_sign16bit:reg03|Q[13] ; key[1]     ; key[1]   ; None                        ; None                      ; 4.852 ns                ;
; N/A                                     ; 197.47 MHz ( period = 5.064 ns )                    ; ff_asyncrst_sign16bit:reg02|Q[2]  ; ff_asyncrst_sign16bit:reg03|Q[9]  ; key[1]     ; key[1]   ; None                        ; None                      ; 4.851 ns                ;
; N/A                                     ; 197.55 MHz ( period = 5.062 ns )                    ; ff_asyncrst_sign16bit:reg01|Q[6]  ; ff_asyncrst_sign16bit:reg03|Q[12] ; key[1]     ; key[1]   ; None                        ; None                      ; 4.849 ns                ;
; N/A                                     ; 197.71 MHz ( period = 5.058 ns )                    ; ff_asyncrst_sign16bit:reg01|Q[0]  ; ff_asyncrst_sign16bit:reg03|Q[10] ; key[1]     ; key[1]   ; None                        ; None                      ; 4.845 ns                ;
; N/A                                     ; 198.14 MHz ( period = 5.047 ns )                    ; ff_asyncrst_sign16bit:reg02|Q[2]  ; ff_asyncrst_sign16bit:reg03|Q[10] ; key[1]     ; key[1]   ; None                        ; None                      ; 4.834 ns                ;
; N/A                                     ; 198.26 MHz ( period = 5.044 ns )                    ; ff_asyncrst_sign16bit:reg01|Q[3]  ; ff_asyncrst_sign16bit:reg03|Q[13] ; key[1]     ; key[1]   ; None                        ; None                      ; 4.831 ns                ;
; N/A                                     ; 198.41 MHz ( period = 5.040 ns )                    ; ff_asyncrst_sign16bit:reg01|Q[3]  ; ff_asyncrst_sign16bit:reg03|Q[12] ; key[1]     ; key[1]   ; None                        ; None                      ; 4.828 ns                ;
; N/A                                     ; 199.28 MHz ( period = 5.018 ns )                    ; ff_asyncrst_sign16bit:reg02|Q[7]  ; ff_asyncrst_sign16bit:reg03|Q[13] ; key[1]     ; key[1]   ; None                        ; None                      ; 4.804 ns                ;
; N/A                                     ; 199.44 MHz ( period = 5.014 ns )                    ; ff_asyncrst_sign16bit:reg02|Q[7]  ; ff_asyncrst_sign16bit:reg03|Q[12] ; key[1]     ; key[1]   ; None                        ; None                      ; 4.801 ns                ;
; N/A                                     ; 201.57 MHz ( period = 4.961 ns )                    ; ff_asyncrst_sign16bit:reg01|Q[7]  ; ff_asyncrst_sign16bit:reg03|Q[13] ; key[1]     ; key[1]   ; None                        ; None                      ; 4.748 ns                ;
; N/A                                     ; 201.73 MHz ( period = 4.957 ns )                    ; ff_asyncrst_sign16bit:reg01|Q[7]  ; ff_asyncrst_sign16bit:reg03|Q[12] ; key[1]     ; key[1]   ; None                        ; None                      ; 4.745 ns                ;
; N/A                                     ; 201.90 MHz ( period = 4.953 ns )                    ; ff_asyncrst_sign16bit:reg01|Q[2]  ; ff_asyncrst_sign16bit:reg03|Q[9]  ; key[1]     ; key[1]   ; None                        ; None                      ; 4.740 ns                ;
; N/A                                     ; 202.18 MHz ( period = 4.946 ns )                    ; ff_asyncrst_sign16bit:reg01|Q[1]  ; ff_asyncrst_sign16bit:reg03|Q[9]  ; key[1]     ; key[1]   ; None                        ; None                      ; 4.733 ns                ;
; N/A                                     ; 202.59 MHz ( period = 4.936 ns )                    ; ff_asyncrst_sign16bit:reg01|Q[2]  ; ff_asyncrst_sign16bit:reg03|Q[10] ; key[1]     ; key[1]   ; None                        ; None                      ; 4.723 ns                ;
; N/A                                     ; 202.88 MHz ( period = 4.929 ns )                    ; ff_asyncrst_sign16bit:reg01|Q[1]  ; ff_asyncrst_sign16bit:reg03|Q[10] ; key[1]     ; key[1]   ; None                        ; None                      ; 4.716 ns                ;
; N/A                                     ; 203.05 MHz ( period = 4.925 ns )                    ; ff_asyncrst_sign16bit:reg01|Q[10] ; ff_asyncrst_sign1bit:reg04|Q      ; key[1]     ; key[1]   ; None                        ; None                      ; 4.711 ns                ;
; N/A                                     ; 203.09 MHz ( period = 4.924 ns )                    ; ff_asyncrst_sign16bit:reg01|Q[10] ; ff_asyncrst_sign16bit:reg03|Q[15] ; key[1]     ; key[1]   ; None                        ; None                      ; 4.710 ns                ;
; N/A                                     ; 203.42 MHz ( period = 4.916 ns )                    ; ff_asyncrst_sign16bit:reg02|Q[6]  ; ff_asyncrst_sign16bit:reg03|Q[11] ; key[1]     ; key[1]   ; None                        ; None                      ; 4.703 ns                ;
; N/A                                     ; 204.58 MHz ( period = 4.888 ns )                    ; ff_asyncrst_sign16bit:reg01|Q[5]  ; ff_asyncrst_sign16bit:reg03|Q[13] ; key[1]     ; key[1]   ; None                        ; None                      ; 4.675 ns                ;
; N/A                                     ; 204.75 MHz ( period = 4.884 ns )                    ; ff_asyncrst_sign16bit:reg01|Q[5]  ; ff_asyncrst_sign16bit:reg03|Q[12] ; key[1]     ; key[1]   ; None                        ; None                      ; 4.672 ns                ;
; N/A                                     ; 206.53 MHz ( period = 4.842 ns )                    ; ff_asyncrst_sign16bit:reg02|Q[8]  ; ff_asyncrst_sign1bit:reg04|Q      ; key[1]     ; key[1]   ; None                        ; None                      ; 4.628 ns                ;
; N/A                                     ; 206.57 MHz ( period = 4.841 ns )                    ; ff_asyncrst_sign16bit:reg02|Q[8]  ; ff_asyncrst_sign16bit:reg03|Q[15] ; key[1]     ; key[1]   ; None                        ; None                      ; 4.627 ns                ;
; N/A                                     ; 207.99 MHz ( period = 4.808 ns )                    ; ff_asyncrst_sign16bit:reg02|Q[5]  ; ff_asyncrst_sign16bit:reg03|Q[13] ; key[1]     ; key[1]   ; None                        ; None                      ; 4.595 ns                ;
; N/A                                     ; 208.16 MHz ( period = 4.804 ns )                    ; ff_asyncrst_sign16bit:reg02|Q[5]  ; ff_asyncrst_sign16bit:reg03|Q[12] ; key[1]     ; key[1]   ; None                        ; None                      ; 4.592 ns                ;
; N/A                                     ; 208.33 MHz ( period = 4.800 ns )                    ; ff_asyncrst_sign16bit:reg02|Q[0]  ; ff_asyncrst_sign16bit:reg03|Q[9]  ; key[1]     ; key[1]   ; None                        ; None                      ; 4.587 ns                ;
; N/A                                     ; 209.07 MHz ( period = 4.783 ns )                    ; ff_asyncrst_sign16bit:reg02|Q[0]  ; ff_asyncrst_sign16bit:reg03|Q[10] ; key[1]     ; key[1]   ; None                        ; None                      ; 4.570 ns                ;
; N/A                                     ; 211.37 MHz ( period = 4.731 ns )                    ; ff_asyncrst_sign16bit:reg02|Q[1]  ; ff_asyncrst_sign16bit:reg03|Q[8]  ; key[1]     ; key[1]   ; None                        ; None                      ; 4.518 ns                ;
; N/A                                     ; 212.18 MHz ( period = 4.713 ns )                    ; ff_asyncrst_sign16bit:reg01|Q[6]  ; ff_asyncrst_sign16bit:reg03|Q[11] ; key[1]     ; key[1]   ; None                        ; None                      ; 4.499 ns                ;
; N/A                                     ; 212.27 MHz ( period = 4.711 ns )                    ; ff_asyncrst_sign16bit:reg01|Q[8]  ; ff_asyncrst_sign16bit:reg03|Q[14] ; key[1]     ; key[1]   ; None                        ; None                      ; 4.497 ns                ;
; N/A                                     ; 213.17 MHz ( period = 4.691 ns )                    ; ff_asyncrst_sign16bit:reg01|Q[3]  ; ff_asyncrst_sign16bit:reg03|Q[11] ; key[1]     ; key[1]   ; None                        ; None                      ; 4.478 ns                ;
; N/A                                     ; 214.36 MHz ( period = 4.665 ns )                    ; ff_asyncrst_sign16bit:reg02|Q[7]  ; ff_asyncrst_sign16bit:reg03|Q[11] ; key[1]     ; key[1]   ; None                        ; None                      ; 4.451 ns                ;
; N/A                                     ; 217.01 MHz ( period = 4.608 ns )                    ; ff_asyncrst_sign16bit:reg01|Q[7]  ; ff_asyncrst_sign16bit:reg03|Q[11] ; key[1]     ; key[1]   ; None                        ; None                      ; 4.395 ns                ;
; N/A                                     ; 220.51 MHz ( period = 4.535 ns )                    ; ff_asyncrst_sign16bit:reg01|Q[5]  ; ff_asyncrst_sign16bit:reg03|Q[11] ; key[1]     ; key[1]   ; None                        ; None                      ; 4.322 ns                ;
; N/A                                     ; 220.90 MHz ( period = 4.527 ns )                    ; ff_asyncrst_sign16bit:reg02|Q[2]  ; ff_asyncrst_sign16bit:reg03|Q[8]  ; key[1]     ; key[1]   ; None                        ; None                      ; 4.314 ns                ;
; N/A                                     ; 221.24 MHz ( period = 4.520 ns )                    ; ff_asyncrst_sign16bit:reg01|Q[10] ; ff_asyncrst_sign16bit:reg03|Q[14] ; key[1]     ; key[1]   ; None                        ; None                      ; 4.306 ns                ;
; N/A                                     ; 221.83 MHz ( period = 4.508 ns )                    ; ff_asyncrst_sign16bit:reg01|Q[0]  ; ff_asyncrst_sign16bit:reg03|Q[8]  ; key[1]     ; key[1]   ; None                        ; None                      ; 4.295 ns                ;
; N/A                                     ; 222.17 MHz ( period = 4.501 ns )                    ; ff_asyncrst_sign16bit:reg01|Q[4]  ; ff_asyncrst_sign16bit:reg03|Q[9]  ; key[1]     ; key[1]   ; None                        ; None                      ; 4.288 ns                ;
; N/A                                     ; 223.02 MHz ( period = 4.484 ns )                    ; ff_asyncrst_sign16bit:reg01|Q[4]  ; ff_asyncrst_sign16bit:reg03|Q[10] ; key[1]     ; key[1]   ; None                        ; None                      ; 4.271 ns                ;
; N/A                                     ; 223.36 MHz ( period = 4.477 ns )                    ; ff_asyncrst_sign16bit:reg02|Q[3]  ; ff_asyncrst_sign16bit:reg03|Q[9]  ; key[1]     ; key[1]   ; None                        ; None                      ; 4.264 ns                ;
; N/A                                     ; 224.22 MHz ( period = 4.460 ns )                    ; ff_asyncrst_sign16bit:reg02|Q[3]  ; ff_asyncrst_sign16bit:reg03|Q[10] ; key[1]     ; key[1]   ; None                        ; None                      ; 4.247 ns                ;
; N/A                                     ; 224.47 MHz ( period = 4.455 ns )                    ; ff_asyncrst_sign16bit:reg02|Q[5]  ; ff_asyncrst_sign16bit:reg03|Q[11] ; key[1]     ; key[1]   ; None                        ; None                      ; 4.242 ns                ;
; N/A                                     ; 225.38 MHz ( period = 4.437 ns )                    ; ff_asyncrst_sign16bit:reg02|Q[8]  ; ff_asyncrst_sign16bit:reg03|Q[14] ; key[1]     ; key[1]   ; None                        ; None                      ; 4.223 ns                ;
; N/A                                     ; 226.45 MHz ( period = 4.416 ns )                    ; ff_asyncrst_sign16bit:reg01|Q[2]  ; ff_asyncrst_sign16bit:reg03|Q[8]  ; key[1]     ; key[1]   ; None                        ; None                      ; 4.203 ns                ;
; N/A                                     ; 228.36 MHz ( period = 4.379 ns )                    ; ff_asyncrst_sign16bit:reg01|Q[1]  ; ff_asyncrst_sign16bit:reg03|Q[8]  ; key[1]     ; key[1]   ; None                        ; None                      ; 4.166 ns                ;
; N/A                                     ; 232.18 MHz ( period = 4.307 ns )                    ; ff_asyncrst_sign16bit:reg01|Q[8]  ; ff_asyncrst_sign16bit:reg03|Q[13] ; key[1]     ; key[1]   ; None                        ; None                      ; 4.093 ns                ;
; N/A                                     ; 232.40 MHz ( period = 4.303 ns )                    ; ff_asyncrst_sign16bit:reg01|Q[8]  ; ff_asyncrst_sign16bit:reg03|Q[12] ; key[1]     ; key[1]   ; None                        ; None                      ; 4.090 ns                ;
; N/A                                     ; 233.59 MHz ( period = 4.281 ns )                    ; ff_asyncrst_sign16bit:reg02|Q[1]  ; ff_asyncrst_sign16bit:reg03|Q[7]  ; key[1]     ; key[1]   ; None                        ; None                      ; 4.067 ns                ;
; N/A                                     ; 234.80 MHz ( period = 4.259 ns )                    ; ff_asyncrst_sign16bit:reg02|Q[1]  ; ff_asyncrst_sign16bit:reg03|Q[5]  ; key[1]     ; key[1]   ; None                        ; None                      ; 4.045 ns                ;
; N/A                                     ; 236.24 MHz ( period = 4.233 ns )                    ; ff_asyncrst_sign16bit:reg02|Q[0]  ; ff_asyncrst_sign16bit:reg03|Q[8]  ; key[1]     ; key[1]   ; None                        ; None                      ; 4.020 ns                ;
; N/A                                     ; 236.41 MHz ( period = 4.230 ns )                    ; ff_asyncrst_sign16bit:reg02|Q[4]  ; ff_asyncrst_sign16bit:reg03|Q[9]  ; key[1]     ; key[1]   ; None                        ; None                      ; 4.017 ns                ;
; N/A                                     ; 237.36 MHz ( period = 4.213 ns )                    ; ff_asyncrst_sign16bit:reg02|Q[4]  ; ff_asyncrst_sign16bit:reg03|Q[10] ; key[1]     ; key[1]   ; None                        ; None                      ; 4.000 ns                ;
; N/A                                     ; 240.04 MHz ( period = 4.166 ns )                    ; ff_asyncrst_sign16bit:reg02|Q[9]  ; ff_asyncrst_sign1bit:reg04|Q      ; key[1]     ; key[1]   ; None                        ; None                      ; 3.952 ns                ;
; N/A                                     ; 240.10 MHz ( period = 4.165 ns )                    ; ff_asyncrst_sign16bit:reg02|Q[9]  ; ff_asyncrst_sign16bit:reg03|Q[15] ; key[1]     ; key[1]   ; None                        ; None                      ; 3.951 ns                ;
; N/A                                     ; 241.49 MHz ( period = 4.141 ns )                    ; ff_asyncrst_sign16bit:reg01|Q[10] ; ff_asyncrst_sign16bit:reg03|Q[12] ; key[1]     ; key[1]   ; None                        ; None                      ; 3.928 ns                ;
; N/A                                     ; 242.95 MHz ( period = 4.116 ns )                    ; ff_asyncrst_sign16bit:reg01|Q[10] ; ff_asyncrst_sign16bit:reg03|Q[13] ; key[1]     ; key[1]   ; None                        ; None                      ; 3.902 ns                ;
; N/A                                     ; 245.64 MHz ( period = 4.071 ns )                    ; ff_asyncrst_sign16bit:reg02|Q[6]  ; ff_asyncrst_sign16bit:reg03|Q[9]  ; key[1]     ; key[1]   ; None                        ; None                      ; 3.858 ns                ;
; N/A                                     ; 246.43 MHz ( period = 4.058 ns )                    ; ff_asyncrst_sign16bit:reg01|Q[0]  ; ff_asyncrst_sign16bit:reg03|Q[7]  ; key[1]     ; key[1]   ; None                        ; None                      ; 3.844 ns                ;
; N/A                                     ; 246.67 MHz ( period = 4.054 ns )                    ; ff_asyncrst_sign16bit:reg02|Q[6]  ; ff_asyncrst_sign16bit:reg03|Q[10] ; key[1]     ; key[1]   ; None                        ; None                      ; 3.841 ns                ;
; N/A                                     ; 247.10 MHz ( period = 4.047 ns )                    ; ff_asyncrst_sign16bit:reg02|Q[2]  ; ff_asyncrst_sign16bit:reg03|Q[7]  ; key[1]     ; key[1]   ; None                        ; None                      ; 3.833 ns                ;
; N/A                                     ; 247.77 MHz ( period = 4.036 ns )                    ; ff_asyncrst_sign16bit:reg01|Q[0]  ; ff_asyncrst_sign16bit:reg03|Q[5]  ; key[1]     ; key[1]   ; None                        ; None                      ; 3.822 ns                ;
; N/A                                     ; 247.95 MHz ( period = 4.033 ns )                    ; ff_asyncrst_sign16bit:reg02|Q[8]  ; ff_asyncrst_sign16bit:reg03|Q[13] ; key[1]     ; key[1]   ; None                        ; None                      ; 3.819 ns                ;
; N/A                                     ; 248.20 MHz ( period = 4.029 ns )                    ; ff_asyncrst_sign16bit:reg02|Q[8]  ; ff_asyncrst_sign16bit:reg03|Q[12] ; key[1]     ; key[1]   ; None                        ; None                      ; 3.816 ns                ;
; N/A                                     ; 248.45 MHz ( period = 4.025 ns )                    ; ff_asyncrst_sign16bit:reg02|Q[2]  ; ff_asyncrst_sign16bit:reg03|Q[5]  ; key[1]     ; key[1]   ; None                        ; None                      ; 3.811 ns                ;
; N/A                                     ; 250.25 MHz ( period = 3.996 ns )                    ; ff_asyncrst_sign16bit:reg02|Q[11] ; ff_asyncrst_sign1bit:reg04|Q      ; key[1]     ; key[1]   ; None                        ; None                      ; 3.782 ns                ;
; N/A                                     ; 250.31 MHz ( period = 3.995 ns )                    ; ff_asyncrst_sign16bit:reg02|Q[11] ; ff_asyncrst_sign16bit:reg03|Q[15] ; key[1]     ; key[1]   ; None                        ; None                      ; 3.781 ns                ;
; N/A                                     ; 252.91 MHz ( period = 3.954 ns )                    ; ff_asyncrst_sign16bit:reg01|Q[8]  ; ff_asyncrst_sign16bit:reg03|Q[11] ; key[1]     ; key[1]   ; None                        ; None                      ; 3.740 ns                ;
; N/A                                     ; 254.07 MHz ( period = 3.936 ns )                    ; ff_asyncrst_sign16bit:reg01|Q[2]  ; ff_asyncrst_sign16bit:reg03|Q[7]  ; key[1]     ; key[1]   ; None                        ; None                      ; 3.722 ns                ;
; N/A                                     ; 254.19 MHz ( period = 3.934 ns )                    ; ff_asyncrst_sign16bit:reg01|Q[4]  ; ff_asyncrst_sign16bit:reg03|Q[8]  ; key[1]     ; key[1]   ; None                        ; None                      ; 3.721 ns                ;
; N/A                                     ; 254.52 MHz ( period = 3.929 ns )                    ; ff_asyncrst_sign16bit:reg01|Q[1]  ; ff_asyncrst_sign16bit:reg03|Q[7]  ; key[1]     ; key[1]   ; None                        ; None                      ; 3.715 ns                ;
; N/A                                     ; 255.49 MHz ( period = 3.914 ns )                    ; ff_asyncrst_sign16bit:reg01|Q[2]  ; ff_asyncrst_sign16bit:reg03|Q[5]  ; key[1]     ; key[1]   ; None                        ; None                      ; 3.700 ns                ;
; N/A                                     ; 255.75 MHz ( period = 3.910 ns )                    ; ff_asyncrst_sign16bit:reg02|Q[3]  ; ff_asyncrst_sign16bit:reg03|Q[8]  ; key[1]     ; key[1]   ; None                        ; None                      ; 3.697 ns                ;
; N/A                                     ; 255.95 MHz ( period = 3.907 ns )                    ; ff_asyncrst_sign16bit:reg01|Q[1]  ; ff_asyncrst_sign16bit:reg03|Q[5]  ; key[1]     ; key[1]   ; None                        ; None                      ; 3.693 ns                ;
; N/A                                     ; 256.21 MHz ( period = 3.903 ns )                    ; ff_asyncrst_sign16bit:reg02|Q[6]  ; ff_asyncrst_sign16bit:reg03|Q[8]  ; key[1]     ; key[1]   ; None                        ; None                      ; 3.690 ns                ;
; N/A                                     ; 258.53 MHz ( period = 3.868 ns )                    ; ff_asyncrst_sign16bit:reg01|Q[6]  ; ff_asyncrst_sign16bit:reg03|Q[9]  ; key[1]     ; key[1]   ; None                        ; None                      ; 3.654 ns                ;
; N/A                                     ; 259.67 MHz ( period = 3.851 ns )                    ; ff_asyncrst_sign16bit:reg01|Q[6]  ; ff_asyncrst_sign16bit:reg03|Q[10] ; key[1]     ; key[1]   ; None                        ; None                      ; 3.637 ns                ;
; N/A                                     ; 260.01 MHz ( period = 3.846 ns )                    ; ff_asyncrst_sign16bit:reg01|Q[3]  ; ff_asyncrst_sign16bit:reg03|Q[9]  ; key[1]     ; key[1]   ; None                        ; None                      ; 3.633 ns                ;
; N/A                                     ; 261.16 MHz ( period = 3.829 ns )                    ; ff_asyncrst_sign16bit:reg01|Q[3]  ; ff_asyncrst_sign16bit:reg03|Q[10] ; key[1]     ; key[1]   ; None                        ; None                      ; 3.616 ns                ;
; N/A                                     ; 261.78 MHz ( period = 3.820 ns )                    ; ff_asyncrst_sign16bit:reg02|Q[7]  ; ff_asyncrst_sign16bit:reg03|Q[9]  ; key[1]     ; key[1]   ; None                        ; None                      ; 3.606 ns                ;
; N/A                                     ; 262.67 MHz ( period = 3.807 ns )                    ; ff_asyncrst_sign16bit:reg02|Q[1]  ; ff_asyncrst_sign16bit:reg03|Q[6]  ; key[1]     ; key[1]   ; None                        ; None                      ; 3.593 ns                ;
; N/A                                     ; 262.95 MHz ( period = 3.803 ns )                    ; ff_asyncrst_sign16bit:reg02|Q[7]  ; ff_asyncrst_sign16bit:reg03|Q[10] ; key[1]     ; key[1]   ; None                        ; None                      ; 3.589 ns                ;
; N/A                                     ; 264.34 MHz ( period = 3.783 ns )                    ; ff_asyncrst_sign16bit:reg02|Q[0]  ; ff_asyncrst_sign16bit:reg03|Q[7]  ; key[1]     ; key[1]   ; None                        ; None                      ; 3.569 ns                ;
; N/A                                     ; 265.75 MHz ( period = 3.763 ns )                    ; ff_asyncrst_sign16bit:reg01|Q[7]  ; ff_asyncrst_sign16bit:reg03|Q[9]  ; key[1]     ; key[1]   ; None                        ; None                      ; 3.550 ns                ;
; N/A                                     ; 265.89 MHz ( period = 3.761 ns )                    ; ff_asyncrst_sign16bit:reg02|Q[0]  ; ff_asyncrst_sign16bit:reg03|Q[5]  ; key[1]     ; key[1]   ; None                        ; None                      ; 3.547 ns                ;
; N/A                                     ; 265.89 MHz ( period = 3.761 ns )                    ; ff_asyncrst_sign16bit:reg02|Q[9]  ; ff_asyncrst_sign16bit:reg03|Q[14] ; key[1]     ; key[1]   ; None                        ; None                      ; 3.547 ns                ;
; N/A                                     ; 266.95 MHz ( period = 3.746 ns )                    ; ff_asyncrst_sign16bit:reg01|Q[7]  ; ff_asyncrst_sign16bit:reg03|Q[10] ; key[1]     ; key[1]   ; None                        ; None                      ; 3.533 ns                ;
; N/A                                     ; 270.27 MHz ( period = 3.700 ns )                    ; ff_asyncrst_sign16bit:reg01|Q[6]  ; ff_asyncrst_sign16bit:reg03|Q[8]  ; key[1]     ; key[1]   ; None                        ; None                      ; 3.486 ns                ;
; N/A                                     ; 270.93 MHz ( period = 3.691 ns )                    ; ff_asyncrst_sign16bit:reg01|Q[9]  ; ff_asyncrst_sign1bit:reg04|Q      ; key[1]     ; key[1]   ; None                        ; None                      ; 3.477 ns                ;
; N/A                                     ; 271.00 MHz ( period = 3.690 ns )                    ; ff_asyncrst_sign16bit:reg01|Q[5]  ; ff_asyncrst_sign16bit:reg03|Q[9]  ; key[1]     ; key[1]   ; None                        ; None                      ; 3.477 ns                ;
; N/A                                     ; 271.00 MHz ( period = 3.690 ns )                    ; ff_asyncrst_sign16bit:reg01|Q[9]  ; ff_asyncrst_sign16bit:reg03|Q[15] ; key[1]     ; key[1]   ; None                        ; None                      ; 3.476 ns                ;
; N/A                                     ; 271.74 MHz ( period = 3.680 ns )                    ; ff_asyncrst_sign16bit:reg02|Q[8]  ; ff_asyncrst_sign16bit:reg03|Q[11] ; key[1]     ; key[1]   ; None                        ; None                      ; 3.466 ns                ;
; N/A                                     ; 272.26 MHz ( period = 3.673 ns )                    ; ff_asyncrst_sign16bit:reg01|Q[5]  ; ff_asyncrst_sign16bit:reg03|Q[10] ; key[1]     ; key[1]   ; None                        ; None                      ; 3.460 ns                ;
; N/A                                     ; 273.00 MHz ( period = 3.663 ns )                    ; ff_asyncrst_sign16bit:reg02|Q[4]  ; ff_asyncrst_sign16bit:reg03|Q[8]  ; key[1]     ; key[1]   ; None                        ; None                      ; 3.450 ns                ;
; N/A                                     ; 273.82 MHz ( period = 3.652 ns )                    ; ff_asyncrst_sign16bit:reg02|Q[7]  ; ff_asyncrst_sign16bit:reg03|Q[8]  ; key[1]     ; key[1]   ; None                        ; None                      ; 3.438 ns                ;
; N/A                                     ; 277.01 MHz ( period = 3.610 ns )                    ; ff_asyncrst_sign16bit:reg02|Q[5]  ; ff_asyncrst_sign16bit:reg03|Q[9]  ; key[1]     ; key[1]   ; None                        ; None                      ; 3.397 ns                ;
; N/A                                     ; 278.16 MHz ( period = 3.595 ns )                    ; ff_asyncrst_sign16bit:reg01|Q[7]  ; ff_asyncrst_sign16bit:reg03|Q[8]  ; key[1]     ; key[1]   ; None                        ; None                      ; 3.382 ns                ;
; N/A                                     ; 278.32 MHz ( period = 3.593 ns )                    ; ff_asyncrst_sign16bit:reg02|Q[5]  ; ff_asyncrst_sign16bit:reg03|Q[10] ; key[1]     ; key[1]   ; None                        ; None                      ; 3.380 ns                ;
; N/A                                     ; 278.47 MHz ( period = 3.591 ns )                    ; ff_asyncrst_sign16bit:reg02|Q[11] ; ff_asyncrst_sign16bit:reg03|Q[14] ; key[1]     ; key[1]   ; None                        ; None                      ; 3.377 ns                ;
; N/A                                     ; 278.55 MHz ( period = 3.590 ns )                    ; ff_asyncrst_sign16bit:reg02|Q[10] ; ff_asyncrst_sign1bit:reg04|Q      ; key[1]     ; key[1]   ; None                        ; None                      ; 3.376 ns                ;
; N/A                                     ; 278.63 MHz ( period = 3.589 ns )                    ; ff_asyncrst_sign16bit:reg02|Q[10] ; ff_asyncrst_sign16bit:reg03|Q[15] ; key[1]     ; key[1]   ; None                        ; None                      ; 3.375 ns                ;
; N/A                                     ; 279.02 MHz ( period = 3.584 ns )                    ; ff_asyncrst_sign16bit:reg01|Q[0]  ; ff_asyncrst_sign16bit:reg03|Q[6]  ; key[1]     ; key[1]   ; None                        ; None                      ; 3.370 ns                ;
; N/A                                     ; 279.88 MHz ( period = 3.573 ns )                    ; ff_asyncrst_sign16bit:reg02|Q[2]  ; ff_asyncrst_sign16bit:reg03|Q[6]  ; key[1]     ; key[1]   ; None                        ; None                      ; 3.359 ns                ;
; N/A                                     ; 287.03 MHz ( period = 3.484 ns )                    ; ff_asyncrst_sign16bit:reg01|Q[4]  ; ff_asyncrst_sign16bit:reg03|Q[7]  ; key[1]     ; key[1]   ; None                        ; None                      ; 3.270 ns                ;
; N/A                                     ; 288.85 MHz ( period = 3.462 ns )                    ; ff_asyncrst_sign16bit:reg01|Q[2]  ; ff_asyncrst_sign16bit:reg03|Q[6]  ; key[1]     ; key[1]   ; None                        ; None                      ; 3.248 ns                ;
; N/A                                     ; 289.02 MHz ( period = 3.460 ns )                    ; ff_asyncrst_sign16bit:reg02|Q[3]  ; ff_asyncrst_sign16bit:reg03|Q[7]  ; key[1]     ; key[1]   ; None                        ; None                      ; 3.246 ns                ;
; N/A                                     ; 289.44 MHz ( period = 3.455 ns )                    ; ff_asyncrst_sign16bit:reg01|Q[1]  ; ff_asyncrst_sign16bit:reg03|Q[6]  ; key[1]     ; key[1]   ; None                        ; None                      ; 3.241 ns                ;
; N/A                                     ; 290.53 MHz ( period = 3.442 ns )                    ; ff_asyncrst_sign16bit:reg02|Q[5]  ; ff_asyncrst_sign16bit:reg03|Q[8]  ; key[1]     ; key[1]   ; None                        ; None                      ; 3.229 ns                ;
; N/A                                     ; 290.87 MHz ( period = 3.438 ns )                    ; ff_asyncrst_sign16bit:reg02|Q[3]  ; ff_asyncrst_sign16bit:reg03|Q[5]  ; key[1]     ; key[1]   ; None                        ; None                      ; 3.224 ns                ;
; N/A                                     ; 295.68 MHz ( period = 3.382 ns )                    ; ff_asyncrst_sign16bit:reg02|Q[9]  ; ff_asyncrst_sign16bit:reg03|Q[12] ; key[1]     ; key[1]   ; None                        ; None                      ; 3.169 ns                ;
; N/A                                     ; 296.12 MHz ( period = 3.377 ns )                    ; ff_asyncrst_sign16bit:reg01|Q[3]  ; ff_asyncrst_sign16bit:reg03|Q[8]  ; key[1]     ; key[1]   ; None                        ; None                      ; 3.164 ns                ;
; N/A                                     ; 297.18 MHz ( period = 3.365 ns )                    ; ff_asyncrst_sign16bit:reg01|Q[11] ; ff_asyncrst_sign1bit:reg04|Q      ; key[1]     ; key[1]   ; None                        ; None                      ; 3.151 ns                ;
; N/A                                     ; 297.27 MHz ( period = 3.364 ns )                    ; ff_asyncrst_sign16bit:reg01|Q[11] ; ff_asyncrst_sign16bit:reg03|Q[15] ; key[1]     ; key[1]   ; None                        ; None                      ; 3.150 ns                ;
; N/A                                     ; 297.89 MHz ( period = 3.357 ns )                    ; ff_asyncrst_sign16bit:reg02|Q[9]  ; ff_asyncrst_sign16bit:reg03|Q[13] ; key[1]     ; key[1]   ; None                        ; None                      ; 3.143 ns                ;
; N/A                                     ; 301.93 MHz ( period = 3.312 ns )                    ; ff_asyncrst_sign16bit:reg02|Q[2]  ; ff_asyncrst_sign16bit:reg03|Q[4]  ; key[1]     ; key[1]   ; None                        ; None                      ; 3.100 ns                ;
; N/A                                     ; 302.21 MHz ( period = 3.309 ns )                    ; ff_asyncrst_sign16bit:reg02|Q[0]  ; ff_asyncrst_sign16bit:reg03|Q[6]  ; key[1]     ; key[1]   ; None                        ; None                      ; 3.095 ns                ;
; N/A                                     ; 304.32 MHz ( period = 3.286 ns )                    ; ff_asyncrst_sign16bit:reg01|Q[9]  ; ff_asyncrst_sign16bit:reg03|Q[14] ; key[1]     ; key[1]   ; None                        ; None                      ; 3.072 ns                ;
; N/A                                     ; 311.24 MHz ( period = 3.213 ns )                    ; ff_asyncrst_sign16bit:reg02|Q[4]  ; ff_asyncrst_sign16bit:reg03|Q[7]  ; key[1]     ; key[1]   ; None                        ; None                      ; 2.999 ns                ;
; N/A                                     ; 311.33 MHz ( period = 3.212 ns )                    ; ff_asyncrst_sign16bit:reg02|Q[11] ; ff_asyncrst_sign16bit:reg03|Q[12] ; key[1]     ; key[1]   ; None                        ; None                      ; 2.999 ns                ;
; N/A                                     ; 312.40 MHz ( period = 3.201 ns )                    ; ff_asyncrst_sign16bit:reg01|Q[2]  ; ff_asyncrst_sign16bit:reg03|Q[4]  ; key[1]     ; key[1]   ; None                        ; None                      ; 2.989 ns                ;
; Timing analysis restricted to 200 rows. ; To change the limit use Settings (Assignments menu) ;                                   ;                                   ;            ;          ;                             ;                           ;                         ;
+-----------------------------------------+-----------------------------------------------------+-----------------------------------+-----------------------------------+------------+----------+-----------------------------+---------------------------+-------------------------+


+-------------------------------------------------------------------------------------------+
; tsu                                                                                       ;
+-------+--------------+------------+--------+-----------------------------------+----------+
; Slack ; Required tsu ; Actual tsu ; From   ; To                                ; To Clock ;
+-------+--------------+------------+--------+-----------------------------------+----------+
; N/A   ; None         ; 4.026 ns   ; sw[3]  ; ff_asyncrst_sign16bit:reg02|Q[3]  ; key[1]   ;
; N/A   ; None         ; 4.023 ns   ; sw[1]  ; ff_asyncrst_sign16bit:reg02|Q[1]  ; key[1]   ;
; N/A   ; None         ; 4.000 ns   ; sw[11] ; ff_asyncrst_sign16bit:reg02|Q[11] ; key[1]   ;
; N/A   ; None         ; 3.823 ns   ; sw[18] ; ff_asyncrst_sign16bit:reg01|Q[2]  ; key[1]   ;
; N/A   ; None         ; 3.805 ns   ; sw[6]  ; ff_asyncrst_sign16bit:reg02|Q[6]  ; key[1]   ;
; N/A   ; None         ; 3.768 ns   ; sw[15] ; ff_asyncrst_sign16bit:reg02|Q[15] ; key[1]   ;
; N/A   ; None         ; 3.758 ns   ; sw[23] ; ff_asyncrst_sign16bit:reg01|Q[7]  ; key[1]   ;
; N/A   ; None         ; 3.753 ns   ; sw[20] ; ff_asyncrst_sign16bit:reg01|Q[4]  ; key[1]   ;
; N/A   ; None         ; 3.748 ns   ; sw[17] ; ff_asyncrst_sign16bit:reg01|Q[1]  ; key[1]   ;
; N/A   ; None         ; 3.643 ns   ; sw[13] ; ff_asyncrst_sign16bit:reg02|Q[13] ; key[1]   ;
; N/A   ; None         ; 3.625 ns   ; sw[28] ; ff_asyncrst_sign16bit:reg01|Q[12] ; key[1]   ;
; N/A   ; None         ; 3.566 ns   ; sw[5]  ; ff_asyncrst_sign16bit:reg02|Q[5]  ; key[1]   ;
; N/A   ; None         ; 3.549 ns   ; sw[7]  ; ff_asyncrst_sign16bit:reg02|Q[7]  ; key[1]   ;
; N/A   ; None         ; 3.544 ns   ; sw[30] ; ff_asyncrst_sign16bit:reg01|Q[14] ; key[1]   ;
; N/A   ; None         ; 3.539 ns   ; sw[4]  ; ff_asyncrst_sign16bit:reg02|Q[4]  ; key[1]   ;
; N/A   ; None         ; 3.538 ns   ; sw[19] ; ff_asyncrst_sign16bit:reg01|Q[3]  ; key[1]   ;
; N/A   ; None         ; 3.442 ns   ; sw[10] ; ff_asyncrst_sign16bit:reg02|Q[10] ; key[1]   ;
; N/A   ; None         ; 3.414 ns   ; sw[14] ; ff_asyncrst_sign16bit:reg02|Q[14] ; key[1]   ;
; N/A   ; None         ; 3.382 ns   ; sw[25] ; ff_asyncrst_sign16bit:reg01|Q[9]  ; key[1]   ;
; N/A   ; None         ; 3.353 ns   ; sw[9]  ; ff_asyncrst_sign16bit:reg02|Q[9]  ; key[1]   ;
; N/A   ; None         ; 3.332 ns   ; sw[29] ; ff_asyncrst_sign16bit:reg01|Q[13] ; key[1]   ;
; N/A   ; None         ; 3.324 ns   ; sw[2]  ; ff_asyncrst_sign16bit:reg02|Q[2]  ; key[1]   ;
; N/A   ; None         ; 3.315 ns   ; sw[24] ; ff_asyncrst_sign16bit:reg01|Q[8]  ; key[1]   ;
; N/A   ; None         ; 3.311 ns   ; sw[27] ; ff_asyncrst_sign16bit:reg01|Q[11] ; key[1]   ;
; N/A   ; None         ; 3.308 ns   ; sw[12] ; ff_asyncrst_sign16bit:reg02|Q[12] ; key[1]   ;
; N/A   ; None         ; 3.307 ns   ; sw[22] ; ff_asyncrst_sign16bit:reg01|Q[6]  ; key[1]   ;
; N/A   ; None         ; 3.303 ns   ; sw[26] ; ff_asyncrst_sign16bit:reg01|Q[10] ; key[1]   ;
; N/A   ; None         ; 3.287 ns   ; sw[21] ; ff_asyncrst_sign16bit:reg01|Q[5]  ; key[1]   ;
; N/A   ; None         ; 3.273 ns   ; sw[31] ; ff_asyncrst_sign16bit:reg01|Q[15] ; key[1]   ;
; N/A   ; None         ; 3.177 ns   ; sw[8]  ; ff_asyncrst_sign16bit:reg02|Q[8]  ; key[1]   ;
; N/A   ; None         ; 0.248 ns   ; sw[0]  ; ff_asyncrst_sign16bit:reg02|Q[0]  ; key[1]   ;
; N/A   ; None         ; 0.141 ns   ; sw[16] ; ff_asyncrst_sign16bit:reg01|Q[0]  ; key[1]   ;
+-------+--------------+------------+--------+-----------------------------------+----------+


+-------------------------------------------------------------------------------------------------+
; tco                                                                                             ;
+-------+--------------+------------+-----------------------------------+------------+------------+
; Slack ; Required tco ; Actual tco ; From                              ; To         ; From Clock ;
+-------+--------------+------------+-----------------------------------+------------+------------+
; N/A   ; None         ; 8.861 ns   ; ff_asyncrst_sign16bit:reg03|Q[12] ; output[12] ; key[1]     ;
; N/A   ; None         ; 8.848 ns   ; ff_asyncrst_sign16bit:reg03|Q[8]  ; output[8]  ; key[1]     ;
; N/A   ; None         ; 7.083 ns   ; ff_asyncrst_sign16bit:reg03|Q[10] ; output[10] ; key[1]     ;
; N/A   ; None         ; 7.062 ns   ; ff_asyncrst_sign16bit:reg03|Q[14] ; output[14] ; key[1]     ;
; N/A   ; None         ; 7.024 ns   ; ff_asyncrst_sign16bit:reg03|Q[6]  ; output[6]  ; key[1]     ;
; N/A   ; None         ; 6.945 ns   ; ff_asyncrst_sign16bit:reg03|Q[7]  ; output[7]  ; key[1]     ;
; N/A   ; None         ; 6.852 ns   ; ff_asyncrst_sign1bit:reg04|Q      ; carry      ; key[1]     ;
; N/A   ; None         ; 6.740 ns   ; ff_asyncrst_sign16bit:reg03|Q[5]  ; output[5]  ; key[1]     ;
; N/A   ; None         ; 6.603 ns   ; ff_asyncrst_sign16bit:reg03|Q[2]  ; output[2]  ; key[1]     ;
; N/A   ; None         ; 6.579 ns   ; ff_asyncrst_sign16bit:reg03|Q[11] ; output[11] ; key[1]     ;
; N/A   ; None         ; 6.575 ns   ; ff_asyncrst_sign16bit:reg03|Q[13] ; output[13] ; key[1]     ;
; N/A   ; None         ; 6.573 ns   ; ff_asyncrst_sign16bit:reg03|Q[3]  ; output[3]  ; key[1]     ;
; N/A   ; None         ; 6.373 ns   ; ff_asyncrst_sign16bit:reg03|Q[15] ; output[15] ; key[1]     ;
; N/A   ; None         ; 6.372 ns   ; ff_asyncrst_sign16bit:reg03|Q[9]  ; output[9]  ; key[1]     ;
; N/A   ; None         ; 6.361 ns   ; ff_asyncrst_sign16bit:reg03|Q[4]  ; output[4]  ; key[1]     ;
; N/A   ; None         ; 6.360 ns   ; ff_asyncrst_sign16bit:reg03|Q[1]  ; output[1]  ; key[1]     ;
; N/A   ; None         ; 6.359 ns   ; ff_asyncrst_sign16bit:reg03|Q[0]  ; output[0]  ; key[1]     ;
+-------+--------------+------------+-----------------------------------+------------+------------+


+-------------------------------------------------------------------------------------------------+
; th                                                                                              ;
+---------------+-------------+-----------+--------+-----------------------------------+----------+
; Minimum Slack ; Required th ; Actual th ; From   ; To                                ; To Clock ;
+---------------+-------------+-----------+--------+-----------------------------------+----------+
; N/A           ; None        ; 0.089 ns  ; sw[16] ; ff_asyncrst_sign16bit:reg01|Q[0]  ; key[1]   ;
; N/A           ; None        ; -0.018 ns ; sw[0]  ; ff_asyncrst_sign16bit:reg02|Q[0]  ; key[1]   ;
; N/A           ; None        ; -2.947 ns ; sw[8]  ; ff_asyncrst_sign16bit:reg02|Q[8]  ; key[1]   ;
; N/A           ; None        ; -3.043 ns ; sw[31] ; ff_asyncrst_sign16bit:reg01|Q[15] ; key[1]   ;
; N/A           ; None        ; -3.057 ns ; sw[21] ; ff_asyncrst_sign16bit:reg01|Q[5]  ; key[1]   ;
; N/A           ; None        ; -3.073 ns ; sw[26] ; ff_asyncrst_sign16bit:reg01|Q[10] ; key[1]   ;
; N/A           ; None        ; -3.077 ns ; sw[22] ; ff_asyncrst_sign16bit:reg01|Q[6]  ; key[1]   ;
; N/A           ; None        ; -3.078 ns ; sw[12] ; ff_asyncrst_sign16bit:reg02|Q[12] ; key[1]   ;
; N/A           ; None        ; -3.081 ns ; sw[27] ; ff_asyncrst_sign16bit:reg01|Q[11] ; key[1]   ;
; N/A           ; None        ; -3.085 ns ; sw[24] ; ff_asyncrst_sign16bit:reg01|Q[8]  ; key[1]   ;
; N/A           ; None        ; -3.094 ns ; sw[2]  ; ff_asyncrst_sign16bit:reg02|Q[2]  ; key[1]   ;
; N/A           ; None        ; -3.102 ns ; sw[29] ; ff_asyncrst_sign16bit:reg01|Q[13] ; key[1]   ;
; N/A           ; None        ; -3.123 ns ; sw[9]  ; ff_asyncrst_sign16bit:reg02|Q[9]  ; key[1]   ;
; N/A           ; None        ; -3.152 ns ; sw[25] ; ff_asyncrst_sign16bit:reg01|Q[9]  ; key[1]   ;
; N/A           ; None        ; -3.184 ns ; sw[14] ; ff_asyncrst_sign16bit:reg02|Q[14] ; key[1]   ;
; N/A           ; None        ; -3.212 ns ; sw[10] ; ff_asyncrst_sign16bit:reg02|Q[10] ; key[1]   ;
; N/A           ; None        ; -3.308 ns ; sw[19] ; ff_asyncrst_sign16bit:reg01|Q[3]  ; key[1]   ;
; N/A           ; None        ; -3.309 ns ; sw[4]  ; ff_asyncrst_sign16bit:reg02|Q[4]  ; key[1]   ;
; N/A           ; None        ; -3.314 ns ; sw[30] ; ff_asyncrst_sign16bit:reg01|Q[14] ; key[1]   ;
; N/A           ; None        ; -3.319 ns ; sw[7]  ; ff_asyncrst_sign16bit:reg02|Q[7]  ; key[1]   ;
; N/A           ; None        ; -3.336 ns ; sw[5]  ; ff_asyncrst_sign16bit:reg02|Q[5]  ; key[1]   ;
; N/A           ; None        ; -3.395 ns ; sw[28] ; ff_asyncrst_sign16bit:reg01|Q[12] ; key[1]   ;
; N/A           ; None        ; -3.413 ns ; sw[13] ; ff_asyncrst_sign16bit:reg02|Q[13] ; key[1]   ;
; N/A           ; None        ; -3.518 ns ; sw[17] ; ff_asyncrst_sign16bit:reg01|Q[1]  ; key[1]   ;
; N/A           ; None        ; -3.523 ns ; sw[20] ; ff_asyncrst_sign16bit:reg01|Q[4]  ; key[1]   ;
; N/A           ; None        ; -3.528 ns ; sw[23] ; ff_asyncrst_sign16bit:reg01|Q[7]  ; key[1]   ;
; N/A           ; None        ; -3.538 ns ; sw[15] ; ff_asyncrst_sign16bit:reg02|Q[15] ; key[1]   ;
; N/A           ; None        ; -3.575 ns ; sw[6]  ; ff_asyncrst_sign16bit:reg02|Q[6]  ; key[1]   ;
; N/A           ; None        ; -3.593 ns ; sw[18] ; ff_asyncrst_sign16bit:reg01|Q[2]  ; key[1]   ;
; N/A           ; None        ; -3.770 ns ; sw[11] ; ff_asyncrst_sign16bit:reg02|Q[11] ; key[1]   ;
; N/A           ; None        ; -3.793 ns ; sw[1]  ; ff_asyncrst_sign16bit:reg02|Q[1]  ; key[1]   ;
; N/A           ; None        ; -3.796 ns ; sw[3]  ; ff_asyncrst_sign16bit:reg02|Q[3]  ; key[1]   ;
+---------------+-------------+-----------+--------+-----------------------------------+----------+


+--------------------------+
; Timing Analyzer Messages ;
+--------------------------+
Info: *******************************************************************
Info: Running Quartus II Classic Timing Analyzer
    Info: Version 9.1 Build 350 03/24/2010 Service Pack 2 SJ Web Edition
    Info: Processing started: Tue Apr 05 12:03:52 2016
Info: Command: quartus_tan --read_settings_files=off --write_settings_files=off Cba_16bit -c Cba_16bit --timing_analysis_only
Warning: Found pins functioning as undefined clocks and/or memory enables
    Info: Assuming node "key[1]" is an undefined clock
Info: Clock "key[1]" has Internal fmax of 136.89 MHz between source register "ff_asyncrst_sign16bit:reg02|Q[1]" and destination register "ff_asyncrst_sign1bit:reg04|Q" (period= 7.305 ns)
    Info: + Longest register to register delay is 7.092 ns
        Info: 1: + IC(0.000 ns) + CELL(0.000 ns) = 0.000 ns; Loc. = LCFF_X58_Y35_N27; Fanout = 2; REG Node = 'ff_asyncrst_sign16bit:reg02|Q[1]'
        Info: 2: + IC(0.518 ns) + CELL(0.438 ns) = 0.956 ns; Loc. = LCCOMB_X58_Y35_N0; Fanout = 2; COMB Node = 'full_adder_16bit:adder|full_adder_4bit:add1|carry[2]~0'
        Info: 3: + IC(0.252 ns) + CELL(0.150 ns) = 1.358 ns; Loc. = LCCOMB_X58_Y35_N22; Fanout = 3; COMB Node = 'full_adder_16bit:adder|full_adder_4bit:add1|carry[3]~2'
        Info: 4: + IC(0.267 ns) + CELL(0.150 ns) = 1.775 ns; Loc. = LCCOMB_X58_Y35_N12; Fanout = 1; COMB Node = 'full_adder_16bit:adder|full_adder_4bit:add2|carry[1]~1'
        Info: 5: + IC(0.243 ns) + CELL(0.150 ns) = 2.168 ns; Loc. = LCCOMB_X58_Y35_N30; Fanout = 2; COMB Node = 'full_adder_16bit:adder|full_adder_4bit:add2|carry[1]~2'
        Info: 6: + IC(0.251 ns) + CELL(0.150 ns) = 2.569 ns; Loc. = LCCOMB_X58_Y35_N2; Fanout = 2; COMB Node = 'full_adder_16bit:adder|full_adder_4bit:add2|carry[2]~3'
        Info: 7: + IC(0.450 ns) + CELL(0.150 ns) = 3.169 ns; Loc. = LCCOMB_X59_Y35_N2; Fanout = 2; COMB Node = 'full_adder_16bit:adder|full_adder_4bit:add2|carry[3]~5'
        Info: 8: + IC(0.249 ns) + CELL(0.150 ns) = 3.568 ns; Loc. = LCCOMB_X59_Y35_N4; Fanout = 3; COMB Node = 'full_adder_16bit:adder|full_adder_4bit:add2|carry_o~0'
        Info: 9: + IC(0.445 ns) + CELL(0.150 ns) = 4.163 ns; Loc. = LCCOMB_X59_Y35_N30; Fanout = 2; COMB Node = 'full_adder_16bit:adder|full_adder_4bit:add3|carry[1]~1'
        Info: 10: + IC(0.263 ns) + CELL(0.150 ns) = 4.576 ns; Loc. = LCCOMB_X59_Y35_N0; Fanout = 2; COMB Node = 'full_adder_16bit:adder|full_adder_4bit:add3|carry[2]~2'
        Info: 11: + IC(0.259 ns) + CELL(0.150 ns) = 4.985 ns; Loc. = LCCOMB_X59_Y35_N18; Fanout = 2; COMB Node = 'full_adder_16bit:adder|full_adder_4bit:add3|carry[3]~4'
        Info: 12: + IC(0.251 ns) + CELL(0.150 ns) = 5.386 ns; Loc. = LCCOMB_X59_Y35_N12; Fanout = 2; COMB Node = 'full_adder_16bit:adder|full_adder_4bit:add3|carry_o~0'
        Info: 13: + IC(0.254 ns) + CELL(0.150 ns) = 5.790 ns; Loc. = LCCOMB_X59_Y35_N26; Fanout = 2; COMB Node = 'full_adder_16bit:adder|full_adder_4bit:add4|carry[1]~1'
        Info: 14: + IC(0.256 ns) + CELL(0.150 ns) = 6.196 ns; Loc. = LCCOMB_X59_Y35_N28; Fanout = 2; COMB Node = 'full_adder_16bit:adder|full_adder_4bit:add4|carry[2]~2'
        Info: 15: + IC(0.259 ns) + CELL(0.150 ns) = 6.605 ns; Loc. = LCCOMB_X59_Y35_N6; Fanout = 2; COMB Node = 'full_adder_16bit:adder|full_adder_4bit:add4|sum[3]~1'
        Info: 16: + IC(0.253 ns) + CELL(0.150 ns) = 7.008 ns; Loc. = LCCOMB_X59_Y35_N16; Fanout = 1; COMB Node = 'to_reg04~0'
        Info: 17: + IC(0.000 ns) + CELL(0.084 ns) = 7.092 ns; Loc. = LCFF_X59_Y35_N17; Fanout = 1; REG Node = 'ff_asyncrst_sign1bit:reg04|Q'
        Info: Total cell delay = 2.622 ns ( 36.97 % )
        Info: Total interconnect delay = 4.470 ns ( 63.03 % )
    Info: - Smallest clock skew is 0.001 ns
        Info: + Shortest clock path from clock "key[1]" to destination register is 2.689 ns
            Info: 1: + IC(0.000 ns) + CELL(0.999 ns) = 0.999 ns; Loc. = PIN_P2; Fanout = 1; CLK Node = 'key[1]'
            Info: 2: + IC(0.118 ns) + CELL(0.000 ns) = 1.117 ns; Loc. = CLKCTRL_G3; Fanout = 49; COMB Node = 'key[1]~clkctrl'
            Info: 3: + IC(1.035 ns) + CELL(0.537 ns) = 2.689 ns; Loc. = LCFF_X59_Y35_N17; Fanout = 1; REG Node = 'ff_asyncrst_sign1bit:reg04|Q'
            Info: Total cell delay = 1.536 ns ( 57.12 % )
            Info: Total interconnect delay = 1.153 ns ( 42.88 % )
        Info: - Longest clock path from clock "key[1]" to source register is 2.688 ns
            Info: 1: + IC(0.000 ns) + CELL(0.999 ns) = 0.999 ns; Loc. = PIN_P2; Fanout = 1; CLK Node = 'key[1]'
            Info: 2: + IC(0.118 ns) + CELL(0.000 ns) = 1.117 ns; Loc. = CLKCTRL_G3; Fanout = 49; COMB Node = 'key[1]~clkctrl'
            Info: 3: + IC(1.034 ns) + CELL(0.537 ns) = 2.688 ns; Loc. = LCFF_X58_Y35_N27; Fanout = 2; REG Node = 'ff_asyncrst_sign16bit:reg02|Q[1]'
            Info: Total cell delay = 1.536 ns ( 57.14 % )
            Info: Total interconnect delay = 1.152 ns ( 42.86 % )
    Info: + Micro clock to output delay of source is 0.250 ns
    Info: + Micro setup delay of destination is -0.036 ns
Info: tsu for register "ff_asyncrst_sign16bit:reg02|Q[3]" (data pin = "sw[3]", clock pin = "key[1]") is 4.026 ns
    Info: + Longest pin to register delay is 6.750 ns
        Info: 1: + IC(0.000 ns) + CELL(0.840 ns) = 0.840 ns; Loc. = PIN_D17; Fanout = 1; PIN Node = 'sw[3]'
        Info: 2: + IC(5.544 ns) + CELL(0.366 ns) = 6.750 ns; Loc. = LCFF_X58_Y35_N19; Fanout = 3; REG Node = 'ff_asyncrst_sign16bit:reg02|Q[3]'
        Info: Total cell delay = 1.206 ns ( 17.87 % )
        Info: Total interconnect delay = 5.544 ns ( 82.13 % )
    Info: + Micro setup delay of destination is -0.036 ns
    Info: - Shortest clock path from clock "key[1]" to destination register is 2.688 ns
        Info: 1: + IC(0.000 ns) + CELL(0.999 ns) = 0.999 ns; Loc. = PIN_P2; Fanout = 1; CLK Node = 'key[1]'
        Info: 2: + IC(0.118 ns) + CELL(0.000 ns) = 1.117 ns; Loc. = CLKCTRL_G3; Fanout = 49; COMB Node = 'key[1]~clkctrl'
        Info: 3: + IC(1.034 ns) + CELL(0.537 ns) = 2.688 ns; Loc. = LCFF_X58_Y35_N19; Fanout = 3; REG Node = 'ff_asyncrst_sign16bit:reg02|Q[3]'
        Info: Total cell delay = 1.536 ns ( 57.14 % )
        Info: Total interconnect delay = 1.152 ns ( 42.86 % )
Info: tco from clock "key[1]" to destination pin "output[12]" through register "ff_asyncrst_sign16bit:reg03|Q[12]" is 8.861 ns
    Info: + Longest clock path from clock "key[1]" to source register is 2.690 ns
        Info: 1: + IC(0.000 ns) + CELL(0.999 ns) = 0.999 ns; Loc. = PIN_P2; Fanout = 1; CLK Node = 'key[1]'
        Info: 2: + IC(0.118 ns) + CELL(0.000 ns) = 1.117 ns; Loc. = CLKCTRL_G3; Fanout = 49; COMB Node = 'key[1]~clkctrl'
        Info: 3: + IC(1.036 ns) + CELL(0.537 ns) = 2.690 ns; Loc. = LCFF_X61_Y35_N17; Fanout = 1; REG Node = 'ff_asyncrst_sign16bit:reg03|Q[12]'
        Info: Total cell delay = 1.536 ns ( 57.10 % )
        Info: Total interconnect delay = 1.154 ns ( 42.90 % )
    Info: + Micro clock to output delay of source is 0.250 ns
    Info: + Longest register to pin delay is 5.921 ns
        Info: 1: + IC(0.000 ns) + CELL(0.000 ns) = 0.000 ns; Loc. = LCFF_X61_Y35_N17; Fanout = 1; REG Node = 'ff_asyncrst_sign16bit:reg03|Q[12]'
        Info: 2: + IC(3.123 ns) + CELL(2.798 ns) = 5.921 ns; Loc. = PIN_AD21; Fanout = 0; PIN Node = 'output[12]'
        Info: Total cell delay = 2.798 ns ( 47.26 % )
        Info: Total interconnect delay = 3.123 ns ( 52.74 % )
Info: th for register "ff_asyncrst_sign16bit:reg01|Q[0]" (data pin = "sw[16]", clock pin = "key[1]") is 0.089 ns
    Info: + Longest clock path from clock "key[1]" to destination register is 2.688 ns
        Info: 1: + IC(0.000 ns) + CELL(0.999 ns) = 0.999 ns; Loc. = PIN_P2; Fanout = 1; CLK Node = 'key[1]'
        Info: 2: + IC(0.118 ns) + CELL(0.000 ns) = 1.117 ns; Loc. = CLKCTRL_G3; Fanout = 49; COMB Node = 'key[1]~clkctrl'
        Info: 3: + IC(1.034 ns) + CELL(0.537 ns) = 2.688 ns; Loc. = LCFF_X58_Y35_N5; Fanout = 3; REG Node = 'ff_asyncrst_sign16bit:reg01|Q[0]'
        Info: Total cell delay = 1.536 ns ( 57.14 % )
        Info: Total interconnect delay = 1.152 ns ( 42.86 % )
    Info: + Micro hold delay of destination is 0.266 ns
    Info: - Shortest pin to register delay is 2.865 ns
        Info: 1: + IC(0.000 ns) + CELL(0.979 ns) = 0.979 ns; Loc. = PIN_C13; Fanout = 1; PIN Node = 'sw[16]'
        Info: 2: + IC(1.653 ns) + CELL(0.149 ns) = 2.781 ns; Loc. = LCCOMB_X58_Y35_N4; Fanout = 1; COMB Node = 'ff_asyncrst_sign16bit:reg01|Q[0]~feeder'
        Info: 3: + IC(0.000 ns) + CELL(0.084 ns) = 2.865 ns; Loc. = LCFF_X58_Y35_N5; Fanout = 3; REG Node = 'ff_asyncrst_sign16bit:reg01|Q[0]'
        Info: Total cell delay = 1.212 ns ( 42.30 % )
        Info: Total interconnect delay = 1.653 ns ( 57.70 % )
Info: Quartus II Classic Timing Analyzer was successful. 0 errors, 1 warning
    Info: Peak virtual memory: 205 megabytes
    Info: Processing ended: Tue Apr 05 12:03:53 2016
    Info: Elapsed time: 00:00:01
    Info: Total CPU time (on all processors): 00:00:01


